Using pre-set license

 COMMAND LINE ARGUMENTS:
/Applications/Unity/Hub/Editor/2020.2.2f1/Unity.app/Contents/MacOS/Unity
-adb2
-batchMode
-noUpm
-name
AssetImportWorker0
-projectPath
/Users/dcasadevallpino/Github/hackathon-game-template
-logFile
Logs/AssetImportWorker0.log
-srvPort
58306
Successfully changed project path to: /Users/dcasadevallpino/Github/hackathon-game-template
/Users/dcasadevallpino/Github/hackathon-game-template
Using Asset Import Pipeline V2.
Refreshing native plugins compatible for Editor in 42.35 ms, found 1 plugins.
Preloading 0 native plugins for Editor in 0.00 ms.
Initialize engine version: 2020.2.2f1 (068178b99f32)
[Subsystems] Discovering subsystems at path /Applications/Unity/Hub/Editor/2020.2.2f1/Unity.app/Contents/Resources/UnitySubsystems
[Subsystems] Discovering subsystems at path /Users/dcasadevallpino/Github/hackathon-game-template/Assets
GfxDevice: creating device client; threaded=0
2021-01-27 18:54:15.943 Unity[25334:2117790] Color LCD preferred device: AMD Radeon Pro 560 (high power)
2021-01-27 18:54:15.943 Unity[25334:2117790] Metal devices available: 2
2021-01-27 18:54:15.943 Unity[25334:2117790] 0: AMD Radeon Pro 560 (high power)
2021-01-27 18:54:15.943 Unity[25334:2117790] 1: Intel(R) HD Graphics 630 (low power)
2021-01-27 18:54:15.951 Unity[25334:2117790] Using device AMD Radeon Pro 560 (high power)
Initializing Metal device caps: AMD Radeon Pro 560
Initialize mono
Mono path[0] = '/Applications/Unity/Hub/Editor/2020.2.2f1/Unity.app/Contents/Managed'
Mono path[1] = '/Applications/Unity/Hub/Editor/2020.2.2f1/Unity.app/Contents/MonoBleedingEdge/lib/mono/unityjit'
Mono config path = '/Applications/Unity/Hub/Editor/2020.2.2f1/Unity.app/Contents/MonoBleedingEdge/etc'
Using monoOptions --debugger-agent=transport=dt_socket,embedding=1,server=y,suspend=n,address=127.0.0.1:56334
Begin MonoManager ReloadAssembly
Registering precompiled unity dll's ...
Register platform support module: /Applications/Unity/Hub/Editor/2020.2.2f1/Unity.app/Contents/PlaybackEngines/MacStandaloneSupport/UnityEditor.OSXStandalone.Extensions.dll
Registered in 0.000816 seconds.
Native extension for OSXStandalone target not found
Refreshing native plugins compatible for Editor in 45.12 ms, found 1 plugins.
Preloading 0 native plugins for Editor in 0.00 ms.
Invoked RoslynAnalysisRunner static constructor.
RoslynAnalysisRunner will not be running.
RoslynAnalysisRunner has terminated.
Mono: successfully reloaded assembly
- Completed reload, in  4.083 seconds
Platform modules already initialized, skipping
Registering precompiled user dll's ...
Registered in 0.017760 seconds.
Begin MonoManager ReloadAssembly
Native extension for OSXStandalone target not found
Refreshing native plugins compatible for Editor in 0.36 ms, found 1 plugins.
Preloading 0 native plugins for Editor in 0.00 ms.
Invoked RoslynAnalysisRunner static constructor.
RoslynAnalysisRunner will not be running.
RoslynAnalysisRunner has terminated.
Mono: successfully reloaded assembly
- Completed reload, in  2.417 seconds
Platform modules already initialized, skipping
========================================================================
Worker process is ready to serve import requests
Launching external process: /Applications/Unity/Hub/Editor/2020.2.2f1/Unity.app/Contents/Tools/UnityShaderCompiler
Launched and connected shader compiler UnityShaderCompiler after 0.02 seconds
Refreshing native plugins compatible for Editor in 0.30 ms, found 1 plugins.
Preloading 0 native plugins for Editor in 0.00 ms.
Unloading 1608 Unused Serialized files (Serialized files now loaded: 0)
System memory in use before: 127.7 MB.
System memory in use after: 127.8 MB.

Unloading 18 unused Assets to reduce memory usage. Loaded Objects now: 2048.
Total: 3.880100 ms (FindLiveObjects: 0.411459 ms CreateObjectMapping: 0.199588 ms MarkObjects: 3.147933 ms  DeleteObjects: 0.118962 ms)

========================================================================
Received Prepare
Registering precompiled user dll's ...
Registered in 0.001442 seconds.
Begin MonoManager ReloadAssembly
Native extension for OSXStandalone target not found
Refreshing native plugins compatible for Editor in 0.29 ms, found 1 plugins.
Preloading 0 native plugins for Editor in 0.00 ms.
Invoked RoslynAnalysisRunner static constructor.
RoslynAnalysisRunner will not be running.
RoslynAnalysisRunner has terminated.
Mono: successfully reloaded assembly
- Completed reload, in  1.679 seconds
Platform modules already initialized, skipping
Refreshing native plugins compatible for Editor in 0.31 ms, found 1 plugins.
Preloading 0 native plugins for Editor in 0.00 ms.
Unloading 1603 Unused Serialized files (Serialized files now loaded: 0)
System memory in use before: 128.0 MB.
System memory in use after: 128.1 MB.

Unloading 9 unused Assets to reduce memory usage. Loaded Objects now: 2050.
Total: 2.765102 ms (FindLiveObjects: 0.320092 ms CreateObjectMapping: 0.073515 ms MarkObjects: 2.325405 ms  DeleteObjects: 0.044727 ms)

========================================================================
Received Prepare
Registering precompiled user dll's ...
Registered in 0.006547 seconds.
Begin MonoManager ReloadAssembly
Native extension for OSXStandalone target not found
Refreshing native plugins compatible for Editor in 0.36 ms, found 1 plugins.
Preloading 0 native plugins for Editor in 0.00 ms.
Invoked RoslynAnalysisRunner static constructor.
RoslynAnalysisRunner will not be running.
RoslynAnalysisRunner has terminated.
Mono: successfully reloaded assembly
- Completed reload, in  1.402 seconds
Platform modules already initialized, skipping
Refreshing native plugins compatible for Editor in 0.34 ms, found 1 plugins.
Preloading 0 native plugins for Editor in 0.00 ms.
Unloading 1773 Unused Serialized files (Serialized files now loaded: 0)
System memory in use before: 135.4 MB.
System memory in use after: 135.5 MB.

Unloading 14 unused Assets to reduce memory usage. Loaded Objects now: 2217.
Total: 2.240711 ms (FindLiveObjects: 0.483269 ms CreateObjectMapping: 0.150441 ms MarkObjects: 1.538356 ms  DeleteObjects: 0.067601 ms)

========================================================================
Received Import Request.
  path: Assets/Photon Unity Networking/Resources/PhotonServerSettings.asset
  artifactKey: Guid(bb955a5d66f044aa980059edb156b5a7) Importer(815301076,1909f56bfc062723c751e8b465ee728b)
Start importing Assets/Photon Unity Networking/Resources/PhotonServerSettings.asset using Guid(bb955a5d66f044aa980059edb156b5a7) Importer(815301076,1909f56bfc062723c751e8b465ee728b)  -> (artifact id: 'a59c840d51efdfdd34584e9672a68da6') in 0.360001 seconds
  Import took 0.365391 seconds .

========================================================================
Received Import Request.
  Time since last request: 0.010031 seconds.
  path: Assets/Photon Unity Networking/Resources/PhotonServerSettings.asset
  artifactKey: Guid(bb955a5d66f044aa980059edb156b5a7) Importer(815301076,1909f56bfc062723c751e8b465ee728b)
Start importing Assets/Photon Unity Networking/Resources/PhotonServerSettings.asset using Guid(bb955a5d66f044aa980059edb156b5a7) Importer(815301076,1909f56bfc062723c751e8b465ee728b)  -> (artifact id: 'a59c840d51efdfdd34584e9672a68da6') in 0.007738 seconds
  Import took 0.013846 seconds .

========================================================================
Received Import Request.
  Time since last request: 673.715604 seconds.
  path: Assets/Photon Unity Networking/Resources/PhotonServerSettings.asset
  artifactKey: Guid(bb955a5d66f044aa980059edb156b5a7) Importer(815301076,1909f56bfc062723c751e8b465ee728b)
Start importing Assets/Photon Unity Networking/Resources/PhotonServerSettings.asset using Guid(bb955a5d66f044aa980059edb156b5a7) Importer(815301076,1909f56bfc062723c751e8b465ee728b)  -> (artifact id: '0b383f273226819242f7f76c9a4be16f') in 0.013105 seconds
  Import took 0.018747 seconds .

========================================================================
Received Import Request.
  Time since last request: 230.661199 seconds.
  path: Assets/Photon Unity Networking/Resources/PhotonServerSettings.asset
  artifactKey: Guid(bb955a5d66f044aa980059edb156b5a7) Importer(815301076,1909f56bfc062723c751e8b465ee728b)
Start importing Assets/Photon Unity Networking/Resources/PhotonServerSettings.asset using Guid(bb955a5d66f044aa980059edb156b5a7) Importer(815301076,1909f56bfc062723c751e8b465ee728b)  -> (artifact id: 'dfe1916457e7dae5f7568b7221cfcc06') in 0.011532 seconds
  Import took 0.017345 seconds .

========================================================================
Received Import Request.
  Time since last request: 0.015390 seconds.
  path: Assets/Photon Unity Networking/Resources/PhotonServerSettings.asset
  artifactKey: Guid(bb955a5d66f044aa980059edb156b5a7) Importer(815301076,1909f56bfc062723c751e8b465ee728b)
Start importing Assets/Photon Unity Networking/Resources/PhotonServerSettings.asset using Guid(bb955a5d66f044aa980059edb156b5a7) Importer(815301076,1909f56bfc062723c751e8b465ee728b)  -> (artifact id: 'dfe1916457e7dae5f7568b7221cfcc06') in 0.007211 seconds
  Import took 0.012759 seconds .

========================================================================
Received Import Request.
  Time since last request: 384.221359 seconds.
  path: Assets/Photon Unity Networking/PhotonCloud-icon.png
  artifactKey: Guid(8425b95fef16c3f4194e3a20e245cb67) Importer(815301076,1909f56bfc062723c751e8b465ee728b)
Start importing Assets/Photon Unity Networking/PhotonCloud-icon.png using Guid(8425b95fef16c3f4194e3a20e245cb67) Importer(815301076,1909f56bfc062723c751e8b465ee728b)  -> (artifact id: 'c7c44bd6aa824df5da940204a8b6c480') in 0.691170 seconds
  Import took 0.696829 seconds .

========================================================================
Received Import Request.
  Time since last request: 0.000260 seconds.
  path: Assets/Photon Unity Networking/PunIcon-White-128.png
  artifactKey: Guid(e1e27211415083e41bd38b51da93f58b) Importer(815301076,1909f56bfc062723c751e8b465ee728b)
Start importing Assets/Photon Unity Networking/PunIcon-White-128.png using Guid(e1e27211415083e41bd38b51da93f58b) Importer(815301076,1909f56bfc062723c751e8b465ee728b)  -> (artifact id: 'e19ec360c9c562fbf24de8dcaa119201') in 0.014140 seconds
  Import took 0.018008 seconds .

========================================================================
Received Import Request.
  Time since last request: 4.517338 seconds.
  path: Assets/_TerrainAutoUpgrade/layer_UnitTextureBluecc0f254a2c535401.terrainlayer
  artifactKey: Guid(ec071967e1d3b4c4ba2b8fe7cc51e47c) Importer(815301076,1909f56bfc062723c751e8b465ee728b)
Start importing Assets/_TerrainAutoUpgrade/layer_UnitTextureBluecc0f254a2c535401.terrainlayer using Guid(ec071967e1d3b4c4ba2b8fe7cc51e47c) Importer(815301076,1909f56bfc062723c751e8b465ee728b)  -> (artifact id: 'ceb09ebb50b8195fb6375ef50b3d7a95') in 0.254448 seconds
  Import took 0.259623 seconds .

========================================================================
Received Import Request.
  Time since last request: 0.000361 seconds.
  path: Assets/_TerrainAutoUpgrade/layer_UnitTextureRedcc0f254a2c535401.terrainlayer
  artifactKey: Guid(d82c13303672a43bc94f456380f84835) Importer(815301076,1909f56bfc062723c751e8b465ee728b)
Start importing Assets/_TerrainAutoUpgrade/layer_UnitTextureRedcc0f254a2c535401.terrainlayer using Guid(d82c13303672a43bc94f456380f84835) Importer(815301076,1909f56bfc062723c751e8b465ee728b)  -> (artifact id: 'a2850e5c02239b0e33980a279fbab8c7') in 0.014483 seconds
  Import took 0.019712 seconds .

========================================================================
Received Prepare
Registering precompiled user dll's ...
Registered in 0.010042 seconds.
Begin MonoManager ReloadAssembly
Native extension for OSXStandalone target not found
Refreshing native plugins compatible for Editor in 1.37 ms, found 1 plugins.
Preloading 0 native plugins for Editor in 0.00 ms.
Invoked RoslynAnalysisRunner static constructor.
RoslynAnalysisRunner will not be running.
RoslynAnalysisRunner has terminated.
Mono: successfully reloaded assembly
- Completed reload, in  4.693 seconds
Platform modules already initialized, skipping
Refreshing native plugins compatible for Editor in 0.61 ms, found 1 plugins.
Preloading 0 native plugins for Editor in 0.00 ms.
Unloading 1773 Unused Serialized files (Serialized files now loaded: 0)
System memory in use before: 151.8 MB.
System memory in use after: 151.9 MB.

Unloading 14 unused Assets to reduce memory usage. Loaded Objects now: 2224.
Total: 4.338962 ms (FindLiveObjects: 0.420327 ms CreateObjectMapping: 0.169618 ms MarkObjects: 3.668348 ms  DeleteObjects: 0.078642 ms)

========================================================================
Received Import Request.
  Time since last request: 225.696961 seconds.
  path: Assets/Scripts
  artifactKey: Guid(00f738678fc154bce8c3bb4dcd4d26e9) Importer(815301076,1909f56bfc062723c751e8b465ee728b)
Start importing Assets/Scripts using Guid(00f738678fc154bce8c3bb4dcd4d26e9) Importer(815301076,1909f56bfc062723c751e8b465ee728b)  -> (artifact id: 'd6a77e9567d0b7115c584635f92a7b7b') in 0.004303 seconds
  Import took 0.008383 seconds .

========================================================================
Received Import Request.
  Time since last request: 0.020717 seconds.
  path: Assets/Scripts
  artifactKey: Guid(00f738678fc154bce8c3bb4dcd4d26e9) Importer(815301076,1909f56bfc062723c751e8b465ee728b)
Start importing Assets/Scripts using Guid(00f738678fc154bce8c3bb4dcd4d26e9) Importer(815301076,1909f56bfc062723c751e8b465ee728b)  -> (artifact id: 'd6a77e9567d0b7115c584635f92a7b7b') in 0.001279 seconds
  Import took 0.006097 seconds .

========================================================================
Received Import Request.
  Time since last request: 22.253009 seconds.
  path: Assets/Scripts/Networking
  artifactKey: Guid(661e7bcdb9dd64b95919f3a1f2419c96) Importer(815301076,1909f56bfc062723c751e8b465ee728b)
Start importing Assets/Scripts/Networking using Guid(661e7bcdb9dd64b95919f3a1f2419c96) Importer(815301076,1909f56bfc062723c751e8b465ee728b)  -> (artifact id: '50356a67bdc320ff13e8b696ee23c785') in 0.006942 seconds
  Import took 0.012593 seconds .

========================================================================
Received Import Request.
  Time since last request: 3.086687 seconds.
  path: Assets/Scripts/Networking/INetworkSettings.cs
  artifactKey: Guid(9af6c64814ad4cf29d537a29d80a8014) Importer(815301076,1909f56bfc062723c751e8b465ee728b)
Start importing Assets/Scripts/Networking/INetworkSettings.cs using Guid(9af6c64814ad4cf29d537a29d80a8014) Importer(815301076,1909f56bfc062723c751e8b465ee728b)  -> (artifact id: '4d6b01e6db33db5f531903a2eab8ef04') in 0.505297 seconds
  Import took 0.509833 seconds .

========================================================================
Received Import Request.
  Time since last request: 684.702799 seconds.
  path: Assets/Scripts/Logging/ILogger.cs
  artifactKey: Guid(fead02e067f343efbe7ab55b8cc4b273) Importer(815301076,1909f56bfc062723c751e8b465ee728b)
Start importing Assets/Scripts/Logging/ILogger.cs using Guid(fead02e067f343efbe7ab55b8cc4b273) Importer(815301076,1909f56bfc062723c751e8b465ee728b)  -> (artifact id: '0d88a3fbd95f4f36ecb809e75d4ee965') in 0.029443 seconds
  Import took 0.106876 seconds .

========================================================================
Received Import Request.
  Time since last request: 13.671097 seconds.
  path: Assets/Scripts/Logging/ILogger.cs
  artifactKey: Guid(fead02e067f343efbe7ab55b8cc4b273) Importer(815301076,1909f56bfc062723c751e8b465ee728b)
Start importing Assets/Scripts/Logging/ILogger.cs using Guid(fead02e067f343efbe7ab55b8cc4b273) Importer(815301076,1909f56bfc062723c751e8b465ee728b)  -> (artifact id: '2ee94e7076780d54bac0e3551ae8276a') in 0.003026 seconds
  Import took 0.007721 seconds .

========================================================================
Received Import Request.
  Time since last request: 24.507952 seconds.
  path: Assets/Scripts/Logging/LoggingInstaller.cs
  artifactKey: Guid(cdebd38d38c344148ca39620bae51073) Importer(815301076,1909f56bfc062723c751e8b465ee728b)
Start importing Assets/Scripts/Logging/LoggingInstaller.cs using Guid(cdebd38d38c344148ca39620bae51073) Importer(815301076,1909f56bfc062723c751e8b465ee728b)  -> (artifact id: 'aa030c3f4b71813d5be9b20b71da7849') in 0.002348 seconds
  Import took 0.007638 seconds .

========================================================================
Received Import Request.
  Time since last request: 1.242534 seconds.
  path: Assets/Scripts/Logging/UnityLogger.cs
  artifactKey: Guid(67e6b485e9c74ac79321eae9f9ffd230) Importer(815301076,1909f56bfc062723c751e8b465ee728b)
Start importing Assets/Scripts/Logging/UnityLogger.cs using Guid(67e6b485e9c74ac79321eae9f9ffd230) Importer(815301076,1909f56bfc062723c751e8b465ee728b)  -> (artifact id: '7082d2d69a809615da2e88f65d5f39a5') in 0.002496 seconds
  Import took 0.006641 seconds .

========================================================================
Received Import Request.
  Time since last request: 0.001880 seconds.
  path: Assets/Scripts/Logging/UnityLogger.cs
  artifactKey: Guid(67e6b485e9c74ac79321eae9f9ffd230) Importer(815301076,1909f56bfc062723c751e8b465ee728b)
Start importing Assets/Scripts/Logging/UnityLogger.cs using Guid(67e6b485e9c74ac79321eae9f9ffd230) Importer(815301076,1909f56bfc062723c751e8b465ee728b)  -> (artifact id: '7082d2d69a809615da2e88f65d5f39a5') in 0.002548 seconds
  Import took 0.007265 seconds .

========================================================================
Received Import Request.
  Time since last request: 9.804573 seconds.
  path: Assets/Scripts/Logging/UnityLogger.cs
  artifactKey: Guid(67e6b485e9c74ac79321eae9f9ffd230) Importer(815301076,1909f56bfc062723c751e8b465ee728b)
Start importing Assets/Scripts/Logging/UnityLogger.cs using Guid(67e6b485e9c74ac79321eae9f9ffd230) Importer(815301076,1909f56bfc062723c751e8b465ee728b)  -> (artifact id: 'f7922eee1bd3afc585b52ec31b354490') in 0.002289 seconds
  Import took 0.008088 seconds .

========================================================================
Received Import Request.
  Time since last request: 12.325722 seconds.
  path: Assets/Scripts/Logging/UnityLogger.cs
  artifactKey: Guid(67e6b485e9c74ac79321eae9f9ffd230) Importer(815301076,1909f56bfc062723c751e8b465ee728b)
Start importing Assets/Scripts/Logging/UnityLogger.cs using Guid(67e6b485e9c74ac79321eae9f9ffd230) Importer(815301076,1909f56bfc062723c751e8b465ee728b)  -> (artifact id: '0799bab0e3aea96b840eafa1322c3208') in 0.003991 seconds
  Import took 0.009647 seconds .

========================================================================
Received Import Request.
  Time since last request: 751.329368 seconds.
  path: Assets/Scripts/UI/UIInstaller.cs
  artifactKey: Guid(3df128f24fa44dab9d9ac817f47be98e) Importer(815301076,1909f56bfc062723c751e8b465ee728b)
Start importing Assets/Scripts/UI/UIInstaller.cs using Guid(3df128f24fa44dab9d9ac817f47be98e) Importer(815301076,1909f56bfc062723c751e8b465ee728b)  -> (artifact id: '25ec9cdca71354020414f5755aafca8d') in 0.003785 seconds
  Import took 0.008532 seconds .

========================================================================
Received Import Request.
  Time since last request: 0.001970 seconds.
  path: Assets/Scripts/UI/UIInstaller.cs
  artifactKey: Guid(3df128f24fa44dab9d9ac817f47be98e) Importer(815301076,1909f56bfc062723c751e8b465ee728b)
Start importing Assets/Scripts/UI/UIInstaller.cs using Guid(3df128f24fa44dab9d9ac817f47be98e) Importer(815301076,1909f56bfc062723c751e8b465ee728b)  -> (artifact id: '25ec9cdca71354020414f5755aafca8d') in 0.003385 seconds
  Import took 0.008919 seconds .

========================================================================
Received Import Request.
  Time since last request: 3.767051 seconds.
  path: Assets/Scripts/UI/RadialMenu
  artifactKey: Guid(1c489b57ff154be8bfa2e2e15499e5d8) Importer(815301076,1909f56bfc062723c751e8b465ee728b)
Start importing Assets/Scripts/UI/RadialMenu using Guid(1c489b57ff154be8bfa2e2e15499e5d8) Importer(815301076,1909f56bfc062723c751e8b465ee728b)  -> (artifact id: 'c5662faca3d63d38ddc0f7c9a5133b99') in 0.004517 seconds
  Import took 0.009214 seconds .

========================================================================
Received Import Request.
  Time since last request: 0.000612 seconds.
  path: Assets/Scripts/UI/RadialMenu
  artifactKey: Guid(1c489b57ff154be8bfa2e2e15499e5d8) Importer(815301076,1909f56bfc062723c751e8b465ee728b)
Start importing Assets/Scripts/UI/RadialMenu using Guid(1c489b57ff154be8bfa2e2e15499e5d8) Importer(815301076,1909f56bfc062723c751e8b465ee728b)  -> (artifact id: 'c5662faca3d63d38ddc0f7c9a5133b99') in 0.001734 seconds
  Import took 0.006923 seconds .

========================================================================
Received Import Request.
  Time since last request: 0.394452 seconds.
  path: Assets/Scripts/UI/SelectionBox
  artifactKey: Guid(9f7e6b30d0274cc58169599831b919d0) Importer(815301076,1909f56bfc062723c751e8b465ee728b)
Start importing Assets/Scripts/UI/SelectionBox using Guid(9f7e6b30d0274cc58169599831b919d0) Importer(815301076,1909f56bfc062723c751e8b465ee728b)  -> (artifact id: '9702760d431e8717f3d9aa6d15b41f08') in 0.001266 seconds
  Import took 0.005696 seconds .

========================================================================
Received Import Request.
  Time since last request: 116.737856 seconds.
  path: Assets/Prefabs/UI/ModalViewController.prefab
  artifactKey: Guid(e30b2beb3f1b94e16a62118644ba388a) Importer(815301076,1909f56bfc062723c751e8b465ee728b)
Start importing Assets/Prefabs/UI/ModalViewController.prefab using Guid(e30b2beb3f1b94e16a62118644ba388a) Importer(815301076,1909f56bfc062723c751e8b465ee728b)  -> (artifact id: '631515e0a06a9c946711e75534ae7bd2') in 0.458038 seconds
  Import took 0.463357 seconds .

========================================================================
Received Import Request.
  Time since last request: 0.006512 seconds.
  path: Assets/Prefabs/UI/ModalViewController.prefab
  artifactKey: Guid(e30b2beb3f1b94e16a62118644ba388a) Importer(815301076,1909f56bfc062723c751e8b465ee728b)
Start importing Assets/Prefabs/UI/ModalViewController.prefab using Guid(e30b2beb3f1b94e16a62118644ba388a) Importer(815301076,1909f56bfc062723c751e8b465ee728b)  -> (artifact id: '631515e0a06a9c946711e75534ae7bd2') in 0.008015 seconds
  Import took 0.012600 seconds .

========================================================================
Received Import Request.
  Time since last request: 4.513053 seconds.
  path: Assets/Prefabs/Camera/Camera.prefab
  artifactKey: Guid(dae4f5db953a5435983c03b6ae2a2d05) Importer(815301076,1909f56bfc062723c751e8b465ee728b)
Start importing Assets/Prefabs/Camera/Camera.prefab using Guid(dae4f5db953a5435983c03b6ae2a2d05) Importer(815301076,1909f56bfc062723c751e8b465ee728b)  -> (artifact id: '02e7274a542a6a90f8046a693983e8e3') in 0.016466 seconds
  Import took 0.021511 seconds .

========================================================================
Received Import Request.
  Time since last request: 10.260755 seconds.
  path: Assets/Scripts/UI/IDismissNotifyingViewController.cs
  artifactKey: Guid(f7d70e77f97f4ff295df99288e66cc55) Importer(815301076,1909f56bfc062723c751e8b465ee728b)
Start importing Assets/Scripts/UI/IDismissNotifyingViewController.cs using Guid(f7d70e77f97f4ff295df99288e66cc55) Importer(815301076,1909f56bfc062723c751e8b465ee728b)  -> (artifact id: 'bc44d8f59e63fc75540aa208d4ee96ea') in 0.005784 seconds
  Import took 0.009659 seconds .

========================================================================
Received Import Request.
  Time since last request: 0.001056 seconds.
  path: Assets/Scripts/UI/IDismissNotifyingViewController.cs
  artifactKey: Guid(f7d70e77f97f4ff295df99288e66cc55) Importer(815301076,1909f56bfc062723c751e8b465ee728b)
Start importing Assets/Scripts/UI/IDismissNotifyingViewController.cs using Guid(f7d70e77f97f4ff295df99288e66cc55) Importer(815301076,1909f56bfc062723c751e8b465ee728b)  -> (artifact id: 'bc44d8f59e63fc75540aa208d4ee96ea') in 0.005249 seconds
  Import took 0.010503 seconds .

========================================================================
Received Import Request.
  Time since last request: 3.097975 seconds.
  path: Assets/Scripts/UI/IModalViewController.cs
  artifactKey: Guid(6c76752144dc41feb10b687af70d421b) Importer(815301076,1909f56bfc062723c751e8b465ee728b)
Start importing Assets/Scripts/UI/IModalViewController.cs using Guid(6c76752144dc41feb10b687af70d421b) Importer(815301076,1909f56bfc062723c751e8b465ee728b)  -> (artifact id: '07305ba5f047dc875e59a4d8026db137') in 0.005084 seconds
  Import took 0.008909 seconds .

========================================================================
Received Import Request.
  Time since last request: 0.001073 seconds.
  path: Assets/Scripts/UI/IModalViewController.cs
  artifactKey: Guid(6c76752144dc41feb10b687af70d421b) Importer(815301076,1909f56bfc062723c751e8b465ee728b)
Start importing Assets/Scripts/UI/IModalViewController.cs using Guid(6c76752144dc41feb10b687af70d421b) Importer(815301076,1909f56bfc062723c751e8b465ee728b)  -> (artifact id: '07305ba5f047dc875e59a4d8026db137') in 0.004225 seconds
  Import took 0.007674 seconds .

========================================================================
Received Import Request.
  Time since last request: 1.148756 seconds.
  path: Assets/Scripts/UI/ModalViewController.cs
  artifactKey: Guid(a423427cef8b44494adf161d8dbc9786) Importer(815301076,1909f56bfc062723c751e8b465ee728b)
Start importing Assets/Scripts/UI/ModalViewController.cs using Guid(a423427cef8b44494adf161d8dbc9786) Importer(815301076,1909f56bfc062723c751e8b465ee728b)  -> (artifact id: '32bb41adbb7ed4cae5d91a8ca9484e92') in 0.005226 seconds
  Import took 0.009089 seconds .

========================================================================
Received Import Request.
  Time since last request: 34.301183 seconds.
  path: Assets/Scripts/UI/UIInstaller.cs
  artifactKey: Guid(3df128f24fa44dab9d9ac817f47be98e) Importer(815301076,1909f56bfc062723c751e8b465ee728b)
Start importing Assets/Scripts/UI/UIInstaller.cs using Guid(3df128f24fa44dab9d9ac817f47be98e) Importer(815301076,1909f56bfc062723c751e8b465ee728b)  -> (artifact id: '27bdd16455ee84e79ce5dfac988ec823') in 0.006459 seconds
  Import took 0.011605 seconds .

========================================================================
Received Import Request.
  Time since last request: 3.026551 seconds.
  path: Assets/Scripts/UI/UIInstaller.cs
  artifactKey: Guid(3df128f24fa44dab9d9ac817f47be98e) Importer(815301076,1909f56bfc062723c751e8b465ee728b)
Start importing Assets/Scripts/UI/UIInstaller.cs using Guid(3df128f24fa44dab9d9ac817f47be98e) Importer(815301076,1909f56bfc062723c751e8b465ee728b)  -> (artifact id: '2844b924ea1bedd35d3349bdc58198dc') in 0.008112 seconds
  Import took 0.013251 seconds .

========================================================================
Received Import Request.
  Time since last request: 3.578433 seconds.
  path: Assets/Scripts/UI/UIInstaller.cs
  artifactKey: Guid(3df128f24fa44dab9d9ac817f47be98e) Importer(815301076,1909f56bfc062723c751e8b465ee728b)
Start importing Assets/Scripts/UI/UIInstaller.cs using Guid(3df128f24fa44dab9d9ac817f47be98e) Importer(815301076,1909f56bfc062723c751e8b465ee728b)  -> (artifact id: '5d407ce87d9696c6f325423ab145eb0e') in 0.006733 seconds
  Import took 0.013349 seconds .

========================================================================
Received Import Request.
  Time since last request: 8.135364 seconds.
  path: Assets/Prefabs/Zenject/Contexts/GameOverSceneContext.prefab
  artifactKey: Guid(66d302c80a1634c77b62dad7636baf89) Importer(815301076,1909f56bfc062723c751e8b465ee728b)
Start importing Assets/Prefabs/Zenject/Contexts/GameOverSceneContext.prefab using Guid(66d302c80a1634c77b62dad7636baf89) Importer(815301076,1909f56bfc062723c751e8b465ee728b)  -> (artifact id: '5b19adb9a38e7c35788192fb4ae558ff') in 0.047380 seconds
  Import took 0.051699 seconds .

========================================================================
Received Import Request.
  Time since last request: 0.000269 seconds.
  path: Assets/Prefabs/Zenject/Contexts/SplashScreenSceneContext.prefab
  artifactKey: Guid(7d2d499aaec8e4b0a9b8515cf8860f08) Importer(815301076,1909f56bfc062723c751e8b465ee728b)
Start importing Assets/Prefabs/Zenject/Contexts/SplashScreenSceneContext.prefab using Guid(7d2d499aaec8e4b0a9b8515cf8860f08) Importer(815301076,1909f56bfc062723c751e8b465ee728b)  -> (artifact id: '24e81d25cf90326e1e5d74befd40e3de') in 0.012093 seconds
  Import took 0.016167 seconds .

========================================================================
Received Import Request.
  Time since last request: 0.000265 seconds.
  path: Assets/Prefabs/Zenject/Contexts/GameSceneContext.prefab
  artifactKey: Guid(7aead73abac0e4833aeb834a6698ec2f) Importer(815301076,1909f56bfc062723c751e8b465ee728b)
Start importing Assets/Prefabs/Zenject/Contexts/GameSceneContext.prefab using Guid(7aead73abac0e4833aeb834a6698ec2f) Importer(815301076,1909f56bfc062723c751e8b465ee728b)  -> (artifact id: '979c3fdbb977469fcc92431ef9a78b84') in 0.009342 seconds
  Import took 0.014170 seconds .

========================================================================
Received Import Request.
  Time since last request: 0.272566 seconds.
  path: Assets/Prefabs/Zenject/Contexts/Resources/ProjectContext.prefab
  artifactKey: Guid(5a759e420e0394986ab91f9c946c11d3) Importer(815301076,1909f56bfc062723c751e8b465ee728b)
Start importing Assets/Prefabs/Zenject/Contexts/Resources/ProjectContext.prefab using Guid(5a759e420e0394986ab91f9c946c11d3) Importer(815301076,1909f56bfc062723c751e8b465ee728b)  -> (artifact id: 'd2148b47b31b97dfecf5d9006a1fb54d') in 0.019126 seconds
  Import took 0.023328 seconds .

========================================================================
Received Import Request.
  Time since last request: 0.209280 seconds.
  path: Assets/Prefabs/Zenject/Installers/AudioInstaller.prefab
  artifactKey: Guid(1a20987ca319c4542b35c09ca989686c) Importer(815301076,1909f56bfc062723c751e8b465ee728b)
Start importing Assets/Prefabs/Zenject/Installers/AudioInstaller.prefab using Guid(1a20987ca319c4542b35c09ca989686c) Importer(815301076,1909f56bfc062723c751e8b465ee728b)  -> (artifact id: 'dcd3255dd6b0d934cbffab2f88f451bd') in 0.007628 seconds
  Import took 0.011303 seconds .

========================================================================
Received Import Request.
  Time since last request: 0.000231 seconds.
  path: Assets/Prefabs/Zenject/Installers/GameOverScreenInstaller.prefab
  artifactKey: Guid(9393adce85d384380b1aa9c0c5b7d9f0) Importer(815301076,1909f56bfc062723c751e8b465ee728b)
Start importing Assets/Prefabs/Zenject/Installers/GameOverScreenInstaller.prefab using Guid(9393adce85d384380b1aa9c0c5b7d9f0) Importer(815301076,1909f56bfc062723c751e8b465ee728b)  -> (artifact id: 'beedb4a23fc7a2d89347e0625ef74497') in 0.007546 seconds
  Import took 0.011296 seconds .

========================================================================
Received Import Request.
  Time since last request: 0.000244 seconds.
  path: Assets/Prefabs/Zenject/Installers/GameStateInstaller.prefab
  artifactKey: Guid(ebc19b852960b47c38a903a14afbf4d1) Importer(815301076,1909f56bfc062723c751e8b465ee728b)
Start importing Assets/Prefabs/Zenject/Installers/GameStateInstaller.prefab using Guid(ebc19b852960b47c38a903a14afbf4d1) Importer(815301076,1909f56bfc062723c751e8b465ee728b)  -> (artifact id: '11f9200616999e5836a17a454621c6c4') in 0.008265 seconds
  Import took 0.012539 seconds .

========================================================================
Received Import Request.
  Time since last request: 0.000324 seconds.
  path: Assets/Prefabs/Zenject/Installers/SplashScreenInstaller.prefab
  artifactKey: Guid(39849550e383445a4b0d54f6e67b2d03) Importer(815301076,1909f56bfc062723c751e8b465ee728b)
Start importing Assets/Prefabs/Zenject/Installers/SplashScreenInstaller.prefab using Guid(39849550e383445a4b0d54f6e67b2d03) Importer(815301076,1909f56bfc062723c751e8b465ee728b)  -> (artifact id: 'b85483824161d8af1cf0c617b03455e8') in 0.007914 seconds
  Import took 0.012765 seconds .

========================================================================
Received Import Request.
  Time since last request: 0.000326 seconds.
  path: Assets/Prefabs/Zenject/Installers/GameCameraInstaller.prefab
  artifactKey: Guid(d4e17574d31bd4574a948977468ed149) Importer(815301076,1909f56bfc062723c751e8b465ee728b)
Start importing Assets/Prefabs/Zenject/Installers/GameCameraInstaller.prefab using Guid(d4e17574d31bd4574a948977468ed149) Importer(815301076,1909f56bfc062723c751e8b465ee728b)  -> (artifact id: '7fd8cca2cfca5362955abf939b13ee3b') in 0.007855 seconds
  Import took 0.013286 seconds .

========================================================================
Received Import Request.
  Time since last request: 0.000286 seconds.
  path: Assets/Prefabs/Zenject/Installers/LoggingInstaller.prefab
  artifactKey: Guid(fdaaddb6f0e544d0db05470987c86f6a) Importer(815301076,1909f56bfc062723c751e8b465ee728b)
Start importing Assets/Prefabs/Zenject/Installers/LoggingInstaller.prefab using Guid(fdaaddb6f0e544d0db05470987c86f6a) Importer(815301076,1909f56bfc062723c751e8b465ee728b)  -> (artifact id: '7186b1510530160e88bfbf44785f793f') in 0.009226 seconds
  Import took 0.014318 seconds .

========================================================================
Received Import Request.
  Time since last request: 0.000318 seconds.
  path: Assets/Prefabs/Zenject/Installers/GameInProgressInstaller.prefab
  artifactKey: Guid(9935b088850c647b696c4ef647877c59) Importer(815301076,1909f56bfc062723c751e8b465ee728b)
Start importing Assets/Prefabs/Zenject/Installers/GameInProgressInstaller.prefab using Guid(9935b088850c647b696c4ef647877c59) Importer(815301076,1909f56bfc062723c751e8b465ee728b)  -> (artifact id: 'a1ede7d0560ad07387824e8a720c5a13') in 0.008178 seconds
  Import took 0.013521 seconds .

========================================================================
Received Import Request.
  Time since last request: 2.808630 seconds.
  path: Assets/Prefabs/Zenject/Installers
  artifactKey: Guid(2ec3b179600174345b2fd5ba2d1835bb) Importer(815301076,1909f56bfc062723c751e8b465ee728b)
Start importing Assets/Prefabs/Zenject/Installers using Guid(2ec3b179600174345b2fd5ba2d1835bb) Importer(815301076,1909f56bfc062723c751e8b465ee728b)  -> (artifact id: '8a143d46f9117ce1705f26a7db10b8f5') in 0.001207 seconds
  Import took 0.005606 seconds .

========================================================================
Received Import Request.
  Time since last request: 415.363472 seconds.
  path: Assets/Scripts/InputSystem/IInputEvents.cs
  artifactKey: Guid(aaecad9250074b7f8d44907271b75762) Importer(815301076,1909f56bfc062723c751e8b465ee728b)
Start importing Assets/Scripts/InputSystem/IInputEvents.cs using Guid(aaecad9250074b7f8d44907271b75762) Importer(815301076,1909f56bfc062723c751e8b465ee728b)  -> (artifact id: '05cb3cee76be09eccee84ae86ca59457') in 0.004979 seconds
  Import took 0.009096 seconds .

========================================================================
Received Import Request.
  Time since last request: 1.769108 seconds.
  path: Assets/Scripts/InputSystem/IInputLock.cs
  artifactKey: Guid(e5ec6c067660406d9e988f41aff1113b) Importer(815301076,1909f56bfc062723c751e8b465ee728b)
Start importing Assets/Scripts/InputSystem/IInputLock.cs using Guid(e5ec6c067660406d9e988f41aff1113b) Importer(815301076,1909f56bfc062723c751e8b465ee728b)  -> (artifact id: 'c15550699399c23bb058bea0a52d7c0b') in 0.007036 seconds
  Import took 0.011354 seconds .

========================================================================
Received Import Request.
  Time since last request: 0.001660 seconds.
  path: Assets/Scripts/InputSystem/IInputLock.cs
  artifactKey: Guid(e5ec6c067660406d9e988f41aff1113b) Importer(815301076,1909f56bfc062723c751e8b465ee728b)
Start importing Assets/Scripts/InputSystem/IInputLock.cs using Guid(e5ec6c067660406d9e988f41aff1113b) Importer(815301076,1909f56bfc062723c751e8b465ee728b)  -> (artifact id: 'c15550699399c23bb058bea0a52d7c0b') in 0.006639 seconds
  Import took 0.010656 seconds .

========================================================================
Received Import Request.
  Time since last request: 2.368216 seconds.
  path: Assets/Scripts/InputSystem/InputEvents.cs
  artifactKey: Guid(ccd909cacddc4f1cb8034a11735f7ca3) Importer(815301076,1909f56bfc062723c751e8b465ee728b)
Start importing Assets/Scripts/InputSystem/InputEvents.cs using Guid(ccd909cacddc4f1cb8034a11735f7ca3) Importer(815301076,1909f56bfc062723c751e8b465ee728b)  -> (artifact id: 'be46ad807dd9093eac6fc1f85701e1c0') in 0.005148 seconds
  Import took 0.009853 seconds .

========================================================================
Received Import Request.
  Time since last request: 0.510049 seconds.
  path: Assets/Scripts/InputSystem/InputLock.cs
  artifactKey: Guid(d29fb07f7c01472995cf011aaae01a39) Importer(815301076,1909f56bfc062723c751e8b465ee728b)
Start importing Assets/Scripts/InputSystem/InputLock.cs using Guid(d29fb07f7c01472995cf011aaae01a39) Importer(815301076,1909f56bfc062723c751e8b465ee728b)  -> (artifact id: '9321791bbe3b7cb6f4add95320b3980b') in 0.006390 seconds
  Import took 0.010545 seconds .

========================================================================
Received Import Request.
  Time since last request: 0.416222 seconds.
  path: Assets/Scripts/InputSystem/InputSystemInstaller.cs
  artifactKey: Guid(d1760ecd12604ef2b5d08b0b13c0ba15) Importer(815301076,1909f56bfc062723c751e8b465ee728b)
Start importing Assets/Scripts/InputSystem/InputSystemInstaller.cs using Guid(d1760ecd12604ef2b5d08b0b13c0ba15) Importer(815301076,1909f56bfc062723c751e8b465ee728b)  -> (artifact id: 'e870b9e3143e797e0e47e90d06d54222') in 0.026211 seconds
  Import took 0.030886 seconds .

========================================================================
Received Import Request.
  Time since last request: 0.682400 seconds.
  path: Assets/Scripts/InputSystem/MouseDragEvent.cs
  artifactKey: Guid(128de94288f64fc9bcba763742060a07) Importer(815301076,1909f56bfc062723c751e8b465ee728b)
Start importing Assets/Scripts/InputSystem/MouseDragEvent.cs using Guid(128de94288f64fc9bcba763742060a07) Importer(815301076,1909f56bfc062723c751e8b465ee728b)  -> (artifact id: '696ae85aee5323a18098eb21b5c1e306') in 0.004422 seconds
  Import took 0.008382 seconds .

========================================================================
Received Import Request.
  Time since last request: 85.130909 seconds.
  path: Assets/Scripts/InputSystem/InputLock.cs
  artifactKey: Guid(d29fb07f7c01472995cf011aaae01a39) Importer(815301076,1909f56bfc062723c751e8b465ee728b)
Start importing Assets/Scripts/InputSystem/InputLock.cs using Guid(d29fb07f7c01472995cf011aaae01a39) Importer(815301076,1909f56bfc062723c751e8b465ee728b)  -> (artifact id: 'c8cba776d7ce7b9083da22d1f676c5e1') in 0.009141 seconds
  Import took 0.015338 seconds .

========================================================================
Received Import Request.
  Time since last request: 3.159626 seconds.
  path: Assets/Scripts/InputSystem/InputLock.cs
  artifactKey: Guid(d29fb07f7c01472995cf011aaae01a39) Importer(815301076,1909f56bfc062723c751e8b465ee728b)
Start importing Assets/Scripts/InputSystem/InputLock.cs using Guid(d29fb07f7c01472995cf011aaae01a39) Importer(815301076,1909f56bfc062723c751e8b465ee728b)  -> (artifact id: '9b726634e50babf5cb11f705a93b2c10') in 0.006986 seconds
  Import took 0.013498 seconds .

========================================================================
Received Import Request.
  Time since last request: 228.076266 seconds.
  path: Assets/Photon Unity Networking/Demos/Shared Assets/PhotonGUISkin.guiskin
  artifactKey: Guid(0a36872c871b46d4ea5e4e064f3bf975) Importer(815301076,1909f56bfc062723c751e8b465ee728b)
Start importing Assets/Photon Unity Networking/Demos/Shared Assets/PhotonGUISkin.guiskin using Guid(0a36872c871b46d4ea5e4e064f3bf975) Importer(815301076,1909f56bfc062723c751e8b465ee728b)  -> (artifact id: '70718cce3d86f1525475a647adb8182e') in 0.461945 seconds
  Import took 0.466234 seconds .

========================================================================
Received Import Request.
  Time since last request: 0.000266 seconds.
  path: Assets/Photon Unity Networking/Demos/Shared Assets/PhotonLeanGUISkin.guiskin
  artifactKey: Guid(798b8fafc1a9fe74cae8837a57ccae37) Importer(815301076,1909f56bfc062723c751e8b465ee728b)
Start importing Assets/Photon Unity Networking/Demos/Shared Assets/PhotonLeanGUISkin.guiskin using Guid(798b8fafc1a9fe74cae8837a57ccae37) Importer(815301076,1909f56bfc062723c751e8b465ee728b)  -> (artifact id: '69a3df8ab42308d67ef2c849edcfe83c') in 0.006781 seconds
  Import took 0.010721 seconds .

========================================================================
Received Import Request.
  Time since last request: 6.703821 seconds.
  path: Assets/Photon Unity Networking/changelog.txt
  artifactKey: Guid(612a7d8fb44bb994d90d9c0fa1408703) Importer(815301076,1909f56bfc062723c751e8b465ee728b)
Start importing Assets/Photon Unity Networking/changelog.txt using Guid(612a7d8fb44bb994d90d9c0fa1408703) Importer(815301076,1909f56bfc062723c751e8b465ee728b)  -> (artifact id: 'c0203b9547a7eb9db8fa36a3b8ee946f') in 0.490911 seconds
  Import took 0.495127 seconds .

========================================================================
Received Import Request.
  Time since last request: 16.036357 seconds.
  path: Assets/Plugins/Photon3Unity3D.xml
  artifactKey: Guid(8d4f08d435c4b6343969d8af249460ff) Importer(815301076,1909f56bfc062723c751e8b465ee728b)
Start importing Assets/Plugins/Photon3Unity3D.xml using Guid(8d4f08d435c4b6343969d8af249460ff) Importer(815301076,1909f56bfc062723c751e8b465ee728b)  -> (artifact id: '74b1fa9b3efb993696154710a9100ee2') in 2.582712 seconds
  Import took 2.586870 seconds .

========================================================================
Received Import Request.
  Time since last request: 0.000259 seconds.
  path: Assets/Plugins/Photon3Unity3D.dll
  artifactKey: Guid(aadb37a20a33632429047acaef43658a) Importer(815301076,1909f56bfc062723c751e8b465ee728b)
Start importing Assets/Plugins/Photon3Unity3D.dll using Guid(aadb37a20a33632429047acaef43658a) Importer(815301076,1909f56bfc062723c751e8b465ee728b)  -> (artifact id: '89a7e2d439774c6ea0ad53f2906493ee') in 0.401704 seconds
  Import took 0.405218 seconds .

========================================================================
Received Import Request.
  Time since last request: 252.511655 seconds.
  path: Assets/Plugins/Metro/Photon3Unity3D.dll
  artifactKey: Guid(3b5a0a7dce46a13459199d174ad3db3f) Importer(815301076,1909f56bfc062723c751e8b465ee728b)
Start importing Assets/Plugins/Metro/Photon3Unity3D.dll using Guid(3b5a0a7dce46a13459199d174ad3db3f) Importer(815301076,1909f56bfc062723c751e8b465ee728b)  -> (artifact id: 'cad6850dbb1d2ea115465fae924355a2') in 0.007852 seconds
  Import took 0.011911 seconds .

========================================================================
Received Import Request.
  Time since last request: 3.090959 seconds.
  path: Assets/Scripts/Networking/Photon
  artifactKey: Guid(2a59911a75f74cb3bc3fa770661737d7) Importer(815301076,1909f56bfc062723c751e8b465ee728b)
Start importing Assets/Scripts/Networking/Photon using Guid(2a59911a75f74cb3bc3fa770661737d7) Importer(815301076,1909f56bfc062723c751e8b465ee728b)  -> (artifact id: '935e814690b24213c8a22d916e02b978') in 0.002369 seconds
  Import took 0.006881 seconds .

========================================================================
Received Import Request.
  Time since last request: 0.001623 seconds.
  path: Assets/Scripts/Networking/Photon
  artifactKey: Guid(2a59911a75f74cb3bc3fa770661737d7) Importer(815301076,1909f56bfc062723c751e8b465ee728b)
Start importing Assets/Scripts/Networking/Photon using Guid(2a59911a75f74cb3bc3fa770661737d7) Importer(815301076,1909f56bfc062723c751e8b465ee728b)  -> (artifact id: '935e814690b24213c8a22d916e02b978') in 0.001406 seconds
  Import took 0.005352 seconds .

========================================================================
Received Import Request.
  Time since last request: 3.463531 seconds.
  path: Assets/Plugins/Metro/Photon3Unity3D.pri
  artifactKey: Guid(3439a9e4030efca45b6cc06240106c02) Importer(815301076,1909f56bfc062723c751e8b465ee728b)
Start importing Assets/Plugins/Metro/Photon3Unity3D.pri using Guid(3439a9e4030efca45b6cc06240106c02) Importer(815301076,1909f56bfc062723c751e8b465ee728b)  -> (artifact id: '3fd59c1e1088aa5909ef0f8afaed96d8') in 0.187056 seconds
  Import took 0.191494 seconds .

========================================================================
Received Import Request.
  Time since last request: 0.164046 seconds.
  path: Assets/Scripts/Networking/Photon/PhotonInstaller.cs
  artifactKey: Guid(924d7770823148118d48565ee348836f) Importer(815301076,1909f56bfc062723c751e8b465ee728b)
Start importing Assets/Scripts/Networking/Photon/PhotonInstaller.cs using Guid(924d7770823148118d48565ee348836f) Importer(815301076,1909f56bfc062723c751e8b465ee728b)  -> (artifact id: '9feae9010e4490de0dca045a7583e2d1') in 0.002488 seconds
  Import took 0.007244 seconds .

========================================================================
Received Import Request.
  Time since last request: 0.992747 seconds.
  path: Assets/Scripts/Networking/Photon/Messaging/PhotonMessageHandler.cs
  artifactKey: Guid(dca0c09261634f4dbedfd508f5d1d092) Importer(815301076,1909f56bfc062723c751e8b465ee728b)
Start importing Assets/Scripts/Networking/Photon/Messaging/PhotonMessageHandler.cs using Guid(dca0c09261634f4dbedfd508f5d1d092) Importer(815301076,1909f56bfc062723c751e8b465ee728b)  -> (artifact id: '93f28283b2dd3ca9dfb2f23e987997a7') in 0.002650 seconds
  Import took 0.007114 seconds .

========================================================================
Received Import Request.
  Time since last request: 0.165177 seconds.
  path: Assets/Scripts/Networking/Photon/Connecting/PhotonNetworkConnector.cs
  artifactKey: Guid(1850c55556014697b8bda65472c183d8) Importer(815301076,1909f56bfc062723c751e8b465ee728b)
Start importing Assets/Scripts/Networking/Photon/Connecting/PhotonNetworkConnector.cs using Guid(1850c55556014697b8bda65472c183d8) Importer(815301076,1909f56bfc062723c751e8b465ee728b)  -> (artifact id: '45213cc826ae3206ba8f04f1e3d532dc') in 0.002557 seconds
  Import took 0.006031 seconds .

========================================================================
Received Import Request.
  Time since last request: 0.266899 seconds.
  path: Assets/Scripts/Networking/Photon/PhotonNetworkManager.cs
  artifactKey: Guid(b75fa6f83b68465da4aa9d528205f26e) Importer(815301076,1909f56bfc062723c751e8b465ee728b)
Start importing Assets/Scripts/Networking/Photon/PhotonNetworkManager.cs using Guid(b75fa6f83b68465da4aa9d528205f26e) Importer(815301076,1909f56bfc062723c751e8b465ee728b)  -> (artifact id: 'b4eb2be4a4f5742d7493a2a343aebc3c') in 0.002509 seconds
  Import took 0.005829 seconds .

========================================================================
Received Import Request.
  Time since last request: 0.268485 seconds.
  path: Assets/Scripts/Networking/Photon/Matchmaking/PhotonRoomHandler.cs
  artifactKey: Guid(2ca1e473ec854f3f8fb07535522aaa89) Importer(815301076,1909f56bfc062723c751e8b465ee728b)
Start importing Assets/Scripts/Networking/Photon/Matchmaking/PhotonRoomHandler.cs using Guid(2ca1e473ec854f3f8fb07535522aaa89) Importer(815301076,1909f56bfc062723c751e8b465ee728b)  -> (artifact id: '634aba302c7350aec2f68d67f9e33e5c') in 0.002597 seconds
  Import took 0.006138 seconds .

========================================================================
Received Import Request.
  Time since last request: 0.143095 seconds.
  path: Assets/Scripts/Networking/Photon/Matchmaking/PhotonRoomJoinResult.cs
  artifactKey: Guid(7efb18e5f9db4e1f9f1267ddd52bcaf0) Importer(815301076,1909f56bfc062723c751e8b465ee728b)
Start importing Assets/Scripts/Networking/Photon/Matchmaking/PhotonRoomJoinResult.cs using Guid(7efb18e5f9db4e1f9f1267ddd52bcaf0) Importer(815301076,1909f56bfc062723c751e8b465ee728b)  -> (artifact id: 'b6a8f7aaacf66a2c8711e32b8c3adbc0') in 0.001813 seconds
  Import took 0.005665 seconds .

========================================================================
Received Import Request.
  Time since last request: 1.500217 seconds.
  path: Assets/Scripts/Networking/Photon/Matchmaking/IPhotonRoomHandler.cs
  artifactKey: Guid(b3ce2b169bef4ac09db98691c6655457) Importer(815301076,1909f56bfc062723c751e8b465ee728b)
Start importing Assets/Scripts/Networking/Photon/Matchmaking/IPhotonRoomHandler.cs using Guid(b3ce2b169bef4ac09db98691c6655457) Importer(815301076,1909f56bfc062723c751e8b465ee728b)  -> (artifact id: 'f02f0e928b4a0e89dde4dabea9cfc61b') in 0.002239 seconds
  Import took 0.006911 seconds .

========================================================================
Received Import Request.
  Time since last request: 0.002281 seconds.
  path: Assets/Scripts/Networking/Photon/Matchmaking/IPhotonRoomHandler.cs
  artifactKey: Guid(b3ce2b169bef4ac09db98691c6655457) Importer(815301076,1909f56bfc062723c751e8b465ee728b)
Start importing Assets/Scripts/Networking/Photon/Matchmaking/IPhotonRoomHandler.cs using Guid(b3ce2b169bef4ac09db98691c6655457) Importer(815301076,1909f56bfc062723c751e8b465ee728b)  -> (artifact id: 'f02f0e928b4a0e89dde4dabea9cfc61b') in 0.002585 seconds
  Import took 0.007073 seconds .

========================================================================
Received Import Request.
  Time since last request: 0.235906 seconds.
  path: Assets/Scripts/Networking/Photon/Connecting/IPhotonNetworkConnector.cs
  artifactKey: Guid(4dc3fb2102fb430e9e48073a88a349a6) Importer(815301076,1909f56bfc062723c751e8b465ee728b)
Start importing Assets/Scripts/Networking/Photon/Connecting/IPhotonNetworkConnector.cs using Guid(4dc3fb2102fb430e9e48073a88a349a6) Importer(815301076,1909f56bfc062723c751e8b465ee728b)  -> (artifact id: 'cf565e6cf32aa105aebd91cc14ca3343') in 0.002012 seconds
  Import took 0.006750 seconds .

========================================================================
Received Import Request.
  Time since last request: 7.467701 seconds.
  path: Assets/Plugins/Metro
  artifactKey: Guid(887ac71c799552346b6cf7654fb699cb) Importer(815301076,1909f56bfc062723c751e8b465ee728b)
Start importing Assets/Plugins/Metro using Guid(887ac71c799552346b6cf7654fb699cb) Importer(815301076,1909f56bfc062723c751e8b465ee728b)  -> (artifact id: 'c5e48475d83303ad540bb24a6080fdfb') in 0.002164 seconds
  Import took 0.007274 seconds .

========================================================================
Received Import Request.
  Time since last request: 0.002429 seconds.
  path: Assets/Plugins/Metro
  artifactKey: Guid(887ac71c799552346b6cf7654fb699cb) Importer(815301076,1909f56bfc062723c751e8b465ee728b)
Start importing Assets/Plugins/Metro using Guid(887ac71c799552346b6cf7654fb699cb) Importer(815301076,1909f56bfc062723c751e8b465ee728b)  -> (artifact id: 'c5e48475d83303ad540bb24a6080fdfb') in 0.001247 seconds
  Import took 0.005716 seconds .

========================================================================
Received Prepare
Registering precompiled user dll's ...
Registered in 0.005346 seconds.
Begin MonoManager ReloadAssembly
Symbol file LoadedFromMemory is not a mono symbol file
Native extension for OSXStandalone target not found
Refreshing native plugins compatible for Editor in 0.77 ms, found 1 plugins.
Preloading 0 native plugins for Editor in 0.00 ms.
[ScriptCompilation] NOT recompiling all scripts because this is an import worker process. Reason to compile was: Define symbols changed
[ScriptCompilation] NOT recompiling all scripts because this is an import worker process. Reason to compile was: Define symbols changed
[ScriptCompilation] NOT recompiling all scripts because this is an import worker process. Reason to compile was: Define symbols changed
Invoked RoslynAnalysisRunner static constructor.
RoslynAnalysisRunner will not be running.
RoslynAnalysisRunner has terminated.
Mono: successfully reloaded assembly
- Completed reload, in  6.918 seconds
Platform modules already initialized, skipping
Refreshing native plugins compatible for Editor in 0.84 ms, found 1 plugins.
Preloading 0 native plugins for Editor in 0.00 ms.
Unloading 1841 Unused Serialized files (Serialized files now loaded: 0)
System memory in use before: 187.4 MB.
System memory in use after: 187.5 MB.

Unloading 16 unused Assets to reduce memory usage. Loaded Objects now: 2377.
Total: 4.946884 ms (FindLiveObjects: 0.836350 ms CreateObjectMapping: 0.233126 ms MarkObjects: 3.766411 ms  DeleteObjects: 0.108699 ms)

========================================================================
Received Prepare
Registering precompiled user dll's ...
Registered in 0.005584 seconds.
Begin MonoManager ReloadAssembly
Symbol file LoadedFromMemory is not a mono symbol file
Native extension for OSXStandalone target not found
Refreshing native plugins compatible for Editor in 0.43 ms, found 1 plugins.
Preloading 0 native plugins for Editor in 0.00 ms.
Invoked RoslynAnalysisRunner static constructor.
RoslynAnalysisRunner will not be running.
RoslynAnalysisRunner has terminated.
Mono: successfully reloaded assembly
- Completed reload, in  2.524 seconds
Platform modules already initialized, skipping
Refreshing native plugins compatible for Editor in 0.58 ms, found 1 plugins.
Preloading 0 native plugins for Editor in 0.00 ms.
Unloading 1841 Unused Serialized files (Serialized files now loaded: 0)
System memory in use before: 187.6 MB.
System memory in use after: 187.7 MB.

Unloading 15 unused Assets to reduce memory usage. Loaded Objects now: 2379.
Total: 2.882836 ms (FindLiveObjects: 0.360412 ms CreateObjectMapping: 0.199510 ms MarkObjects: 2.257470 ms  DeleteObjects: 0.063577 ms)

========================================================================
Received Import Request.
  Time since last request: 322.703755 seconds.
  path: Assets/Photon/PhotonUnityNetworking/Resources/PhotonServerSettings.asset
  artifactKey: Guid(fb614c59ffa9e41f895603ff3c5c98ed) Importer(815301076,1909f56bfc062723c751e8b465ee728b)
Start importing Assets/Photon/PhotonUnityNetworking/Resources/PhotonServerSettings.asset using Guid(fb614c59ffa9e41f895603ff3c5c98ed) Importer(815301076,1909f56bfc062723c751e8b465ee728b)  -> (artifact id: 'a4f776e6912879cfd6c6327aa7a78a08') in 0.037465 seconds
  Import took 0.042948 seconds .

========================================================================
Received Import Request.
  Time since last request: 0.078727 seconds.
  path: Assets/Photon/PhotonUnityNetworking/Resources/PhotonServerSettings.asset
  artifactKey: Guid(fb614c59ffa9e41f895603ff3c5c98ed) Importer(815301076,1909f56bfc062723c751e8b465ee728b)
Start importing Assets/Photon/PhotonUnityNetworking/Resources/PhotonServerSettings.asset using Guid(fb614c59ffa9e41f895603ff3c5c98ed) Importer(815301076,1909f56bfc062723c751e8b465ee728b)  -> (artifact id: 'a4f776e6912879cfd6c6327aa7a78a08') in 0.004370 seconds
  Import took 0.009631 seconds .

========================================================================
Received Import Request.
  Time since last request: 22.571313 seconds.
  path: Assets/Photon/PhotonUnityNetworking/Resources/PhotonServerSettings.asset
  artifactKey: Guid(fb614c59ffa9e41f895603ff3c5c98ed) Importer(815301076,1909f56bfc062723c751e8b465ee728b)
Start importing Assets/Photon/PhotonUnityNetworking/Resources/PhotonServerSettings.asset using Guid(fb614c59ffa9e41f895603ff3c5c98ed) Importer(815301076,1909f56bfc062723c751e8b465ee728b)  -> (artifact id: 'cf7ca85c539107849f47a06bb4ce4111') in 0.008183 seconds
  Import took 0.022921 seconds .

========================================================================
Received Import Request.
  Time since last request: 0.036006 seconds.
  path: Assets/Photon/PhotonUnityNetworking/Resources/PhotonServerSettings.asset
  artifactKey: Guid(fb614c59ffa9e41f895603ff3c5c98ed) Importer(815301076,1909f56bfc062723c751e8b465ee728b)
Start importing Assets/Photon/PhotonUnityNetworking/Resources/PhotonServerSettings.asset using Guid(fb614c59ffa9e41f895603ff3c5c98ed) Importer(815301076,1909f56bfc062723c751e8b465ee728b)  -> (artifact id: 'cf7ca85c539107849f47a06bb4ce4111') in 0.008075 seconds
  Import took 0.015516 seconds .

========================================================================
Received Import Request.
  Time since last request: 106.934337 seconds.
  path: Assets/Photon/PhotonUnityNetworking/Resources/PhotonServerSettings.asset
  artifactKey: Guid(fb614c59ffa9e41f895603ff3c5c98ed) Importer(815301076,1909f56bfc062723c751e8b465ee728b)
Start importing Assets/Photon/PhotonUnityNetworking/Resources/PhotonServerSettings.asset using Guid(fb614c59ffa9e41f895603ff3c5c98ed) Importer(815301076,1909f56bfc062723c751e8b465ee728b)  -> (artifact id: '449a4f156222c5d70189978ad412399e') in 0.007605 seconds
  Import took 0.020595 seconds .

========================================================================
Received Import Request.
  Time since last request: 9.753757 seconds.
  path: Assets/Scripts/Networking/Matchmaking/RoomSettings.asset
  artifactKey: Guid(e3171a89f0d37457d982aeab66056786) Importer(815301076,1909f56bfc062723c751e8b465ee728b)
Start importing Assets/Scripts/Networking/Matchmaking/RoomSettings.asset using Guid(e3171a89f0d37457d982aeab66056786) Importer(815301076,1909f56bfc062723c751e8b465ee728b)  -> (artifact id: '85436d61bdb2368ed5c17c54a9db99a8') in 0.004458 seconds
  Import took 0.009247 seconds .

========================================================================
Received Import Request.
  Time since last request: 0.007567 seconds.
  path: Assets/Scripts/Networking/Matchmaking/RoomSettings.asset
  artifactKey: Guid(e3171a89f0d37457d982aeab66056786) Importer(815301076,1909f56bfc062723c751e8b465ee728b)
Start importing Assets/Scripts/Networking/Matchmaking/RoomSettings.asset using Guid(e3171a89f0d37457d982aeab66056786) Importer(815301076,1909f56bfc062723c751e8b465ee728b)  -> (artifact id: '85436d61bdb2368ed5c17c54a9db99a8') in 0.002376 seconds
  Import took 0.008582 seconds .

========================================================================
Received Import Request.
  Time since last request: 9.359705 seconds.
  path: Assets/Photon/PhotonUnityNetworking/Demos/PunBasics-Tutorial/Prefabs/Demo Intro UI.prefab
  artifactKey: Guid(f773d1fa10a4f4e0d88490eab5d5b46d) Importer(815301076,1909f56bfc062723c751e8b465ee728b)
Start importing Assets/Photon/PhotonUnityNetworking/Demos/PunBasics-Tutorial/Prefabs/Demo Intro UI.prefab using Guid(f773d1fa10a4f4e0d88490eab5d5b46d) Importer(815301076,1909f56bfc062723c751e8b465ee728b)  -> (artifact id: '69d47c622d20ee5a25e6097665d0fc3e') in 0.107319 seconds
  Import took 0.112041 seconds .

========================================================================
Received Import Request.
  Time since last request: 0.000295 seconds.
  path: Assets/Photon/PhotonUnityNetworking/Demos/PunBasics-Tutorial/Prefabs/Quit Room Button.prefab
  artifactKey: Guid(b19bb80838bcf4457bf6f50a19c5593b) Importer(815301076,1909f56bfc062723c751e8b465ee728b)
Start importing Assets/Photon/PhotonUnityNetworking/Demos/PunBasics-Tutorial/Prefabs/Quit Room Button.prefab using Guid(b19bb80838bcf4457bf6f50a19c5593b) Importer(815301076,1909f56bfc062723c751e8b465ee728b)  -> (artifact id: 'c3c7920254a6a5d098ee9930f71dd652') in 0.022020 seconds
  Import took 0.028005 seconds .

========================================================================
Received Import Request.
  Time since last request: 0.000282 seconds.
  path: Assets/Photon/PhotonUnityNetworking/Demos/Shared Assets/Animations/Materials/SuitMaterial.mat
  artifactKey: Guid(ed4e4079e2e99084d8d914283565fc5c) Importer(815301076,1909f56bfc062723c751e8b465ee728b)
Start importing Assets/Photon/PhotonUnityNetworking/Demos/Shared Assets/Animations/Materials/SuitMaterial.mat using Guid(ed4e4079e2e99084d8d914283565fc5c) Importer(815301076,1909f56bfc062723c751e8b465ee728b)  -> (artifact id: 'ccded51e80ecd941015b6140f6859db8') in 1.102265 seconds
  Import took 1.106879 seconds .

========================================================================
Received Import Request.
  Time since last request: 0.000237 seconds.
  path: Assets/Photon/PhotonUnityNetworking/Demos/PunBasics-Tutorial/Prefabs/Player UI.prefab
  artifactKey: Guid(e41946a981c3b444a84d15eb7c608ca4) Importer(815301076,1909f56bfc062723c751e8b465ee728b)
Start importing Assets/Photon/PhotonUnityNetworking/Demos/PunBasics-Tutorial/Prefabs/Player UI.prefab using Guid(e41946a981c3b444a84d15eb7c608ca4) Importer(815301076,1909f56bfc062723c751e8b465ee728b)  -> (artifact id: '76ac108bab2e5e88f52dbff52cdb981f') in 0.023411 seconds
  Import took 0.030155 seconds .

========================================================================
Received Import Request.
  Time since last request: 3.432788 seconds.
  path: Assets/Scripts/UI/ModalViewController.prefab
  artifactKey: Guid(e30b2beb3f1b94e16a62118644ba388a) Importer(815301076,1909f56bfc062723c751e8b465ee728b)
Start importing Assets/Scripts/UI/ModalViewController.prefab using Guid(e30b2beb3f1b94e16a62118644ba388a) Importer(815301076,1909f56bfc062723c751e8b465ee728b)  -> (artifact id: '3f4ea7ec1da2d1018d9dac71fbc4b6cb') in 0.013106 seconds
  Import took 0.017950 seconds .

========================================================================
Received Import Request.
  Time since last request: 9.350872 seconds.
  path: Assets/Scripts/UI/UIInstaller.prefab
  artifactKey: Guid(b22ba21e0c2af4d69ac3da976f957a1e) Importer(815301076,1909f56bfc062723c751e8b465ee728b)
Start importing Assets/Scripts/UI/UIInstaller.prefab using Guid(b22ba21e0c2af4d69ac3da976f957a1e) Importer(815301076,1909f56bfc062723c751e8b465ee728b)  -> (artifact id: '00f7b87b0edf3ce75bc55ce1bffd3431') in 0.013878 seconds
  Import took 0.019141 seconds .

========================================================================
Received Import Request.
  Time since last request: 0.002477 seconds.
  path: Assets/Scripts/UI/UIInstaller.prefab
  artifactKey: Guid(b22ba21e0c2af4d69ac3da976f957a1e) Importer(815301076,1909f56bfc062723c751e8b465ee728b)
Start importing Assets/Scripts/UI/UIInstaller.prefab using Guid(b22ba21e0c2af4d69ac3da976f957a1e) Importer(815301076,1909f56bfc062723c751e8b465ee728b)  -> (artifact id: '00f7b87b0edf3ce75bc55ce1bffd3431') in 0.009186 seconds
  Import took 0.013758 seconds .

========================================================================
Received Import Request.
  Time since last request: 8.872596 seconds.
  path: Assets/Prefabs/Zenject/Contexts/Resources/ProjectContext.prefab
  artifactKey: Guid(5a759e420e0394986ab91f9c946c11d3) Importer(815301076,1909f56bfc062723c751e8b465ee728b)
Start importing Assets/Prefabs/Zenject/Contexts/Resources/ProjectContext.prefab using Guid(5a759e420e0394986ab91f9c946c11d3) Importer(815301076,1909f56bfc062723c751e8b465ee728b)  -> (artifact id: 'ea77069202f52b89d8d4463b62034d73') in 0.029640 seconds
  Import took 0.036066 seconds .

========================================================================
Received Prepare
Registering precompiled user dll's ...
Registered in 0.008750 seconds.
Begin MonoManager ReloadAssembly
Symbol file LoadedFromMemory is not a mono symbol file
Native extension for OSXStandalone target not found
Refreshing native plugins compatible for Editor in 0.38 ms, found 1 plugins.
Preloading 0 native plugins for Editor in 0.00 ms.
Invoked RoslynAnalysisRunner static constructor.
RoslynAnalysisRunner will not be running.
RoslynAnalysisRunner has terminated.
Mono: successfully reloaded assembly
- Completed reload, in  1.636 seconds
Platform modules already initialized, skipping
Refreshing native plugins compatible for Editor in 0.37 ms, found 1 plugins.
Preloading 0 native plugins for Editor in 0.00 ms.
Unloading 1841 Unused Serialized files (Serialized files now loaded: 0)
System memory in use before: 193.0 MB.
System memory in use after: 193.1 MB.

Unloading 18 unused Assets to reduce memory usage. Loaded Objects now: 2421.
Total: 2.153807 ms (FindLiveObjects: 0.242496 ms CreateObjectMapping: 0.070697 ms MarkObjects: 1.777286 ms  DeleteObjects: 0.062087 ms)

========================================================================
Received Import Request.
  Time since last request: 316.964377 seconds.
  path: Assets/Scripts/Networking/Matchmaking/RoomSettings.asset
  artifactKey: Guid(e3171a89f0d37457d982aeab66056786) Importer(815301076,1909f56bfc062723c751e8b465ee728b)
Start importing Assets/Scripts/Networking/Matchmaking/RoomSettings.asset using Guid(e3171a89f0d37457d982aeab66056786) Importer(815301076,1909f56bfc062723c751e8b465ee728b)  -> (artifact id: 'ffa2213c27b77c92afc5f0ba8d8b722a') in 0.027188 seconds
  Import took 0.033003 seconds .

========================================================================
Received Import Request.
  Time since last request: 0.000935 seconds.
  path: Assets/Scripts/Networking/Matchmaking/RoomSettings.asset
  artifactKey: Guid(e3171a89f0d37457d982aeab66056786) Importer(815301076,1909f56bfc062723c751e8b465ee728b)
Start importing Assets/Scripts/Networking/Matchmaking/RoomSettings.asset using Guid(e3171a89f0d37457d982aeab66056786) Importer(815301076,1909f56bfc062723c751e8b465ee728b)  -> (artifact id: 'ffa2213c27b77c92afc5f0ba8d8b722a') in 0.006668 seconds
  Import took 0.010826 seconds .

========================================================================
Received Import Request.
  Time since last request: 10.478729 seconds.
  path: Assets/Scripts/Networking/Matchmaking/RoomSettings.asset
  artifactKey: Guid(e3171a89f0d37457d982aeab66056786) Importer(815301076,1909f56bfc062723c751e8b465ee728b)
Start importing Assets/Scripts/Networking/Matchmaking/RoomSettings.asset using Guid(e3171a89f0d37457d982aeab66056786) Importer(815301076,1909f56bfc062723c751e8b465ee728b)  -> (artifact id: 'b07fb430db5a2d848aabb0c6c52336bf') in 0.009810 seconds
  Import took 0.015690 seconds .

========================================================================
Received Import Request.
  Time since last request: 15.262697 seconds.
  path: Assets/Scripts/Networking/NetworkingInstaller.prefab
  artifactKey: Guid(a1f318c52878841f787762ae09126efe) Importer(815301076,1909f56bfc062723c751e8b465ee728b)
Start importing Assets/Scripts/Networking/NetworkingInstaller.prefab using Guid(a1f318c52878841f787762ae09126efe) Importer(815301076,1909f56bfc062723c751e8b465ee728b)  -> (artifact id: '3a7e300954b31685e6c292f46e2d0911') in 0.045889 seconds
  Import took 0.051805 seconds .

========================================================================
Received Import Request.
  Time since last request: 0.002070 seconds.
  path: Assets/Scripts/Networking/NetworkingInstaller.prefab
  artifactKey: Guid(a1f318c52878841f787762ae09126efe) Importer(815301076,1909f56bfc062723c751e8b465ee728b)
Start importing Assets/Scripts/Networking/NetworkingInstaller.prefab using Guid(a1f318c52878841f787762ae09126efe) Importer(815301076,1909f56bfc062723c751e8b465ee728b)  -> (artifact id: '3a7e300954b31685e6c292f46e2d0911') in 0.009737 seconds
  Import took 0.015384 seconds .

========================================================================
Received Import Request.
  Time since last request: 5.622994 seconds.
  path: Assets/Prefabs/Zenject/Contexts/Resources/ProjectContext.prefab
  artifactKey: Guid(5a759e420e0394986ab91f9c946c11d3) Importer(815301076,1909f56bfc062723c751e8b465ee728b)
Start importing Assets/Prefabs/Zenject/Contexts/Resources/ProjectContext.prefab using Guid(5a759e420e0394986ab91f9c946c11d3) Importer(815301076,1909f56bfc062723c751e8b465ee728b)  -> (artifact id: '26b4f19c5ba4eca6504b5d548f424e88') in 0.039696 seconds
  Import took 0.044693 seconds .

========================================================================
Received Import Request.
  Time since last request: 2.182193 seconds.
  path: Assets/Prefabs/Zenject/Contexts/Resources/ProjectContext.prefab
  artifactKey: Guid(5a759e420e0394986ab91f9c946c11d3) Importer(815301076,1909f56bfc062723c751e8b465ee728b)
Start importing Assets/Prefabs/Zenject/Contexts/Resources/ProjectContext.prefab using Guid(5a759e420e0394986ab91f9c946c11d3) Importer(815301076,1909f56bfc062723c751e8b465ee728b)  -> (artifact id: '1f37b21c5c4f27c71bcfa8264bb80b0e') in 0.014164 seconds
  Import took 0.020895 seconds .

========================================================================
Received Import Request.
  Time since last request: 3.158418 seconds.
  path: Assets/Photon/PhotonUnityNetworking/Code/PhotonUnityNetworking.asmdef
  artifactKey: Guid(57c32fc907df0f54e8e6e8f0d2488336) Importer(815301076,1909f56bfc062723c751e8b465ee728b)
Start importing Assets/Photon/PhotonUnityNetworking/Code/PhotonUnityNetworking.asmdef using Guid(57c32fc907df0f54e8e6e8f0d2488336) Importer(815301076,1909f56bfc062723c751e8b465ee728b)  -> (artifact id: 'c4c278d7b057d2967a0ef2f089c2042c') in 0.212049 seconds
  Import took 0.216963 seconds .

========================================================================
Received Import Request.
  Time since last request: 0.000344 seconds.
  path: Assets/Photon/PhotonUnityNetworking/UtilityScripts/PhotonPlayer/Editor/PhotonUnityNetworking.Utilities.PhotonPlayer.Editor.asmdef
  artifactKey: Guid(7024f760fc566cf45a16d2c838e22b2d) Importer(815301076,1909f56bfc062723c751e8b465ee728b)
Start importing Assets/Photon/PhotonUnityNetworking/UtilityScripts/PhotonPlayer/Editor/PhotonUnityNetworking.Utilities.PhotonPlayer.Editor.asmdef using Guid(7024f760fc566cf45a16d2c838e22b2d) Importer(815301076,1909f56bfc062723c751e8b465ee728b)  -> (artifact id: '7fd107583d7ba3150fd46ddd8438a1e9') in 0.002571 seconds
  Import took 0.007567 seconds .

========================================================================
Received Import Request.
  Time since last request: 0.000683 seconds.
  path: Assets/Photon/PhotonUnityNetworking/UtilityScripts/Culling/Editor/PhotonUnityNetworking.Utilities.Culling.Editor.asmdef
  artifactKey: Guid(06dafbbe6b7b3a84f84213f47aabe7f0) Importer(815301076,1909f56bfc062723c751e8b465ee728b)
Start importing Assets/Photon/PhotonUnityNetworking/UtilityScripts/Culling/Editor/PhotonUnityNetworking.Utilities.Culling.Editor.asmdef using Guid(06dafbbe6b7b3a84f84213f47aabe7f0) Importer(815301076,1909f56bfc062723c751e8b465ee728b)  -> (artifact id: '9972c8df1b6bd5cd4378b7dbb406f8b6') in 0.002734 seconds
  Import took 0.008920 seconds .

========================================================================
Received Import Request.
  Time since last request: 0.000320 seconds.
  path: Assets/Photon/PhotonUnityNetworking/Code/Editor/PhotonUnityNetworking.Editor.asmdef
  artifactKey: Guid(4025d00f1ce60da4ea2d0830acf5ebfb) Importer(815301076,1909f56bfc062723c751e8b465ee728b)
Start importing Assets/Photon/PhotonUnityNetworking/Code/Editor/PhotonUnityNetworking.Editor.asmdef using Guid(4025d00f1ce60da4ea2d0830acf5ebfb) Importer(815301076,1909f56bfc062723c751e8b465ee728b)  -> (artifact id: '0fcc9e262aeea050ce271937041a5772') in 0.002923 seconds
  Import took 0.008369 seconds .

========================================================================
Received Import Request.
  Time since last request: 0.000390 seconds.
  path: Assets/Photon/PhotonUnityNetworking/UtilityScripts/PhotonUnityNetworking.Utilities.asmdef
  artifactKey: Guid(a738238285a7a8246af046cbf977522f) Importer(815301076,1909f56bfc062723c751e8b465ee728b)
Start importing Assets/Photon/PhotonUnityNetworking/UtilityScripts/PhotonUnityNetworking.Utilities.asmdef using Guid(a738238285a7a8246af046cbf977522f) Importer(815301076,1909f56bfc062723c751e8b465ee728b)  -> (artifact id: '9125899abd0e2dc9628636880d77d213') in 0.001865 seconds
  Import took 0.005987 seconds .

========================================================================
Received Import Request.
  Time since last request: 10.387080 seconds.
  path: Assets/Scripts/Networking/NetworkingLobbyInstaller.cs
  artifactKey: Guid(1ba0be75458a4415ba754b3516e98c15) Importer(815301076,1909f56bfc062723c751e8b465ee728b)
Start importing Assets/Scripts/Networking/NetworkingLobbyInstaller.cs using Guid(1ba0be75458a4415ba754b3516e98c15) Importer(815301076,1909f56bfc062723c751e8b465ee728b)  -> (artifact id: '9432fd5319db321a9c898eebadb033f5') in 0.006094 seconds
  Import took 0.011795 seconds .

========================================================================
Received Import Request.
  Time since last request: 12.932520 seconds.
  path: Assets/Scripts/Networking/NetworkingInstaller.cs
  artifactKey: Guid(1f7f8fa19f38445887431430f7d794ad) Importer(815301076,1909f56bfc062723c751e8b465ee728b)
Start importing Assets/Scripts/Networking/NetworkingInstaller.cs using Guid(1f7f8fa19f38445887431430f7d794ad) Importer(815301076,1909f56bfc062723c751e8b465ee728b)  -> (artifact id: '3c7f80573321ba14f8aafe08c80261d0') in 0.002596 seconds
  Import took 0.007141 seconds .

========================================================================
Received Import Request.
  Time since last request: 80.160812 seconds.
  path: Assets/Scripts/Networking/NetworkingLobbyInstaller.prefab
  artifactKey: Guid(4a0ec726e6fdc4bb294cdc1bda9c699b) Importer(815301076,1909f56bfc062723c751e8b465ee728b)
Start importing Assets/Scripts/Networking/NetworkingLobbyInstaller.prefab using Guid(4a0ec726e6fdc4bb294cdc1bda9c699b) Importer(815301076,1909f56bfc062723c751e8b465ee728b)  -> (artifact id: '85c3ae2b2a83a93d173efaed647acf72') in 0.008642 seconds
  Import took 0.013913 seconds .

========================================================================
Received Import Request.
  Time since last request: 6.750244 seconds.
  path: Assets/Prefabs/GameState/SplashScreen.prefab
  artifactKey: Guid(050418d4821dc4d5a9ec6415a0e715d2) Importer(815301076,1909f56bfc062723c751e8b465ee728b)
Start importing Assets/Prefabs/GameState/SplashScreen.prefab using Guid(050418d4821dc4d5a9ec6415a0e715d2) Importer(815301076,1909f56bfc062723c751e8b465ee728b)  -> (artifact id: 'a74c28585ec67ce229ff6e6c6df05afc') in 0.022495 seconds
  Import took 0.026653 seconds .

========================================================================
Received Import Request.
  Time since last request: 4.894356 seconds.
  path: Assets/Prefabs/Zenject/Contexts/SplashScreenSceneContext.prefab
  artifactKey: Guid(7d2d499aaec8e4b0a9b8515cf8860f08) Importer(815301076,1909f56bfc062723c751e8b465ee728b)
Start importing Assets/Prefabs/Zenject/Contexts/SplashScreenSceneContext.prefab using Guid(7d2d499aaec8e4b0a9b8515cf8860f08) Importer(815301076,1909f56bfc062723c751e8b465ee728b)  -> (artifact id: '932f0b605875b75edf1cd7d75c10e19e') in 0.021989 seconds
  Import took 0.027700 seconds .

========================================================================
Received Prepare
Registering precompiled user dll's ...
Registered in 0.003134 seconds.
Begin MonoManager ReloadAssembly
Symbol file LoadedFromMemory is not a mono symbol file
Native extension for OSXStandalone target not found
Refreshing native plugins compatible for Editor in 0.38 ms, found 1 plugins.
Preloading 0 native plugins for Editor in 0.00 ms.
Invoked RoslynAnalysisRunner static constructor.
RoslynAnalysisRunner will not be running.
RoslynAnalysisRunner has terminated.
Mono: successfully reloaded assembly
- Completed reload, in  1.960 seconds
Platform modules already initialized, skipping
Refreshing native plugins compatible for Editor in 0.46 ms, found 1 plugins.
Preloading 0 native plugins for Editor in 0.00 ms.
Unloading 1841 Unused Serialized files (Serialized files now loaded: 0)
System memory in use before: 197.4 MB.
System memory in use after: 197.5 MB.

Unloading 16 unused Assets to reduce memory usage. Loaded Objects now: 2423.
Total: 8.969926 ms (FindLiveObjects: 3.845790 ms CreateObjectMapping: 0.506710 ms MarkObjects: 4.494224 ms  DeleteObjects: 0.121014 ms)

========================================================================
Received Prepare
Registering precompiled user dll's ...
Registered in 0.006694 seconds.
Begin MonoManager ReloadAssembly
Symbol file LoadedFromMemory is not a mono symbol file
Native extension for OSXStandalone target not found
Refreshing native plugins compatible for Editor in 0.49 ms, found 1 plugins.
Preloading 0 native plugins for Editor in 0.00 ms.
Invoked RoslynAnalysisRunner static constructor.
RoslynAnalysisRunner will not be running.
RoslynAnalysisRunner has terminated.
Mono: successfully reloaded assembly
- Completed reload, in  2.044 seconds
Platform modules already initialized, skipping
Refreshing native plugins compatible for Editor in 0.39 ms, found 1 plugins.
Preloading 0 native plugins for Editor in 0.00 ms.
Unloading 1841 Unused Serialized files (Serialized files now loaded: 0)
System memory in use before: 197.9 MB.
System memory in use after: 198.0 MB.

Unloading 15 unused Assets to reduce memory usage. Loaded Objects now: 2425.
Total: 1.982634 ms (FindLiveObjects: 0.331417 ms CreateObjectMapping: 0.089189 ms MarkObjects: 1.510489 ms  DeleteObjects: 0.050014 ms)

========================================================================
Received Prepare
Registering precompiled user dll's ...
Registered in 0.003384 seconds.
Begin MonoManager ReloadAssembly
Symbol file LoadedFromMemory is not a mono symbol file
Native extension for OSXStandalone target not found
Refreshing native plugins compatible for Editor in 0.44 ms, found 1 plugins.
Preloading 0 native plugins for Editor in 0.00 ms.
Invoked RoslynAnalysisRunner static constructor.
RoslynAnalysisRunner will not be running.
RoslynAnalysisRunner has terminated.
Mono: successfully reloaded assembly
- Completed reload, in  2.458 seconds
Platform modules already initialized, skipping
Refreshing native plugins compatible for Editor in 0.45 ms, found 1 plugins.
Preloading 0 native plugins for Editor in 0.00 ms.
Unloading 1841 Unused Serialized files (Serialized files now loaded: 0)
System memory in use before: 198.2 MB.
System memory in use after: 198.3 MB.

Unloading 15 unused Assets to reduce memory usage. Loaded Objects now: 2427.
Total: 3.780730 ms (FindLiveObjects: 0.415833 ms CreateObjectMapping: 0.149757 ms MarkObjects: 3.125917 ms  DeleteObjects: 0.086820 ms)

========================================================================
Received Prepare
Registering precompiled user dll's ...
Registered in 0.002085 seconds.
Begin MonoManager ReloadAssembly
Symbol file LoadedFromMemory is not a mono symbol file
Native extension for OSXStandalone target not found
Refreshing native plugins compatible for Editor in 0.55 ms, found 1 plugins.
Preloading 0 native plugins for Editor in 0.00 ms.
Invoked RoslynAnalysisRunner static constructor.
RoslynAnalysisRunner will not be running.
RoslynAnalysisRunner has terminated.
Mono: successfully reloaded assembly
- Completed reload, in  1.917 seconds
Platform modules already initialized, skipping
Refreshing native plugins compatible for Editor in 0.62 ms, found 1 plugins.
Preloading 0 native plugins for Editor in 0.00 ms.
Unloading 1841 Unused Serialized files (Serialized files now loaded: 0)
System memory in use before: 198.5 MB.
System memory in use after: 198.6 MB.

Unloading 15 unused Assets to reduce memory usage. Loaded Objects now: 2429.
Total: 2.955798 ms (FindLiveObjects: 0.338693 ms CreateObjectMapping: 0.133509 ms MarkObjects: 2.369318 ms  DeleteObjects: 0.112314 ms)

========================================================================
Received Prepare
Registering precompiled user dll's ...
Registered in 0.002136 seconds.
Begin MonoManager ReloadAssembly
Symbol file LoadedFromMemory is not a mono symbol file
Native extension for OSXStandalone target not found
Refreshing native plugins compatible for Editor in 0.39 ms, found 1 plugins.
Preloading 0 native plugins for Editor in 0.00 ms.
Invoked RoslynAnalysisRunner static constructor.
RoslynAnalysisRunner will not be running.
RoslynAnalysisRunner has terminated.
Mono: successfully reloaded assembly
- Completed reload, in  1.706 seconds
Platform modules already initialized, skipping
Refreshing native plugins compatible for Editor in 0.92 ms, found 1 plugins.
Preloading 0 native plugins for Editor in 0.00 ms.
Unloading 1841 Unused Serialized files (Serialized files now loaded: 0)
System memory in use before: 198.9 MB.
System memory in use after: 199.0 MB.

Unloading 15 unused Assets to reduce memory usage. Loaded Objects now: 2431.
Total: 3.221077 ms (FindLiveObjects: 0.320664 ms CreateObjectMapping: 0.114386 ms MarkObjects: 2.725038 ms  DeleteObjects: 0.059066 ms)

========================================================================
Received Prepare
Registering precompiled user dll's ...
Registered in 0.002702 seconds.
Begin MonoManager ReloadAssembly
Symbol file LoadedFromMemory is not a mono symbol file
Native extension for OSXStandalone target not found
Refreshing native plugins compatible for Editor in 0.57 ms, found 1 plugins.
Preloading 0 native plugins for Editor in 0.00 ms.
Invoked RoslynAnalysisRunner static constructor.
RoslynAnalysisRunner will not be running.
RoslynAnalysisRunner has terminated.
Mono: successfully reloaded assembly
- Completed reload, in  1.606 seconds
Platform modules already initialized, skipping
Refreshing native plugins compatible for Editor in 0.48 ms, found 1 plugins.
Preloading 0 native plugins for Editor in 0.00 ms.
Unloading 1841 Unused Serialized files (Serialized files now loaded: 0)
System memory in use before: 199.2 MB.
System memory in use after: 199.3 MB.

Unloading 15 unused Assets to reduce memory usage. Loaded Objects now: 2433.
Total: 3.199538 ms (FindLiveObjects: 0.428238 ms CreateObjectMapping: 0.172737 ms MarkObjects: 2.522287 ms  DeleteObjects: 0.072811 ms)

========================================================================
Received Prepare
Registering precompiled user dll's ...
Registered in 0.003082 seconds.
Begin MonoManager ReloadAssembly
Symbol file LoadedFromMemory is not a mono symbol file
Native extension for OSXStandalone target not found
Refreshing native plugins compatible for Editor in 0.39 ms, found 1 plugins.
Preloading 0 native plugins for Editor in 0.00 ms.
Invoked RoslynAnalysisRunner static constructor.
RoslynAnalysisRunner will not be running.
RoslynAnalysisRunner has terminated.
Mono: successfully reloaded assembly
- Completed reload, in  1.394 seconds
Platform modules already initialized, skipping
Refreshing native plugins compatible for Editor in 0.43 ms, found 1 plugins.
Preloading 0 native plugins for Editor in 0.00 ms.
Unloading 1841 Unused Serialized files (Serialized files now loaded: 0)
System memory in use before: 199.5 MB.
System memory in use after: 199.6 MB.

Unloading 15 unused Assets to reduce memory usage. Loaded Objects now: 2435.
Total: 2.041096 ms (FindLiveObjects: 0.288958 ms CreateObjectMapping: 0.077524 ms MarkObjects: 1.612694 ms  DeleteObjects: 0.060353 ms)

========================================================================
Received Prepare
Registering precompiled user dll's ...
Registered in 0.004895 seconds.
Begin MonoManager ReloadAssembly
Symbol file LoadedFromMemory is not a mono symbol file
Native extension for OSXStandalone target not found
Refreshing native plugins compatible for Editor in 0.47 ms, found 1 plugins.
Preloading 0 native plugins for Editor in 0.00 ms.
Invoked RoslynAnalysisRunner static constructor.
RoslynAnalysisRunner will not be running.
RoslynAnalysisRunner has terminated.
Mono: successfully reloaded assembly
- Completed reload, in  1.708 seconds
Platform modules already initialized, skipping
Refreshing native plugins compatible for Editor in 0.71 ms, found 1 plugins.
Preloading 0 native plugins for Editor in 0.00 ms.
Unloading 1841 Unused Serialized files (Serialized files now loaded: 0)
System memory in use before: 199.8 MB.
System memory in use after: 199.9 MB.

Unloading 15 unused Assets to reduce memory usage. Loaded Objects now: 2437.
Total: 3.615282 ms (FindLiveObjects: 0.660670 ms CreateObjectMapping: 0.123229 ms MarkObjects: 2.759039 ms  DeleteObjects: 0.069291 ms)

========================================================================
Received Import Request.
  Time since last request: 352.801680 seconds.
  path: Assets/Prefabs/Zenject/Contexts/Resources/ProjectContext.prefab
  artifactKey: Guid(5a759e420e0394986ab91f9c946c11d3) Importer(815301076,1909f56bfc062723c751e8b465ee728b)
Start importing Assets/Prefabs/Zenject/Contexts/Resources/ProjectContext.prefab using Guid(5a759e420e0394986ab91f9c946c11d3) Importer(815301076,1909f56bfc062723c751e8b465ee728b)  -> (artifact id: 'dc8b2f10a195053ead4a79e327a39a20') in 0.066737 seconds
  Import took 0.071147 seconds .

========================================================================
Received Import Request.
  Time since last request: 2.617112 seconds.
  path: Assets/Prefabs/Zenject/Contexts/Resources/ProjectContext.prefab
  artifactKey: Guid(5a759e420e0394986ab91f9c946c11d3) Importer(815301076,1909f56bfc062723c751e8b465ee728b)
Start importing Assets/Prefabs/Zenject/Contexts/Resources/ProjectContext.prefab using Guid(5a759e420e0394986ab91f9c946c11d3) Importer(815301076,1909f56bfc062723c751e8b465ee728b)  -> (artifact id: 'bca6971b24a01026499e6523558f2f75') in 0.010338 seconds
  Import took 0.015620 seconds .

========================================================================
Received Import Request.
  Time since last request: 15.823604 seconds.
  path: Assets/Scripts/InputSystem/InputInstaller.prefab
  artifactKey: Guid(4ef0c49b85b1b45bc9b468389115c24f) Importer(815301076,1909f56bfc062723c751e8b465ee728b)
Start importing Assets/Scripts/InputSystem/InputInstaller.prefab using Guid(4ef0c49b85b1b45bc9b468389115c24f) Importer(815301076,1909f56bfc062723c751e8b465ee728b)  -> (artifact id: '2b3768ac3702805c5d8bdb9d7398020d') in 0.008994 seconds
  Import took 0.014992 seconds .

========================================================================
Received Import Request.
  Time since last request: 0.003612 seconds.
  path: Assets/Scripts/InputSystem/InputInstaller.prefab
  artifactKey: Guid(4ef0c49b85b1b45bc9b468389115c24f) Importer(815301076,1909f56bfc062723c751e8b465ee728b)
Start importing Assets/Scripts/InputSystem/InputInstaller.prefab using Guid(4ef0c49b85b1b45bc9b468389115c24f) Importer(815301076,1909f56bfc062723c751e8b465ee728b)  -> (artifact id: '2b3768ac3702805c5d8bdb9d7398020d') in 0.007433 seconds
  Import took 0.014208 seconds .

========================================================================
Received Import Request.
  Time since last request: 10.713195 seconds.
  path: Assets/Prefabs/Zenject/Contexts/Resources/ProjectContext.prefab
  artifactKey: Guid(5a759e420e0394986ab91f9c946c11d3) Importer(815301076,1909f56bfc062723c751e8b465ee728b)
Start importing Assets/Prefabs/Zenject/Contexts/Resources/ProjectContext.prefab using Guid(5a759e420e0394986ab91f9c946c11d3) Importer(815301076,1909f56bfc062723c751e8b465ee728b)  -> (artifact id: '8bab3c5fb571fb196ccba6b243234258') in 0.015635 seconds
  Import took 0.022233 seconds .

========================================================================
Received Prepare
Registering precompiled user dll's ...
Registered in 0.008043 seconds.
Begin MonoManager ReloadAssembly
Symbol file LoadedFromMemory is not a mono symbol file
Native extension for OSXStandalone target not found
Refreshing native plugins compatible for Editor in 0.41 ms, found 1 plugins.
Preloading 0 native plugins for Editor in 0.00 ms.
Invoked RoslynAnalysisRunner static constructor.
RoslynAnalysisRunner will not be running.
RoslynAnalysisRunner has terminated.
Mono: successfully reloaded assembly
- Completed reload, in  1.559 seconds
Platform modules already initialized, skipping
Refreshing native plugins compatible for Editor in 0.47 ms, found 1 plugins.
Preloading 0 native plugins for Editor in 0.00 ms.
Unloading 1841 Unused Serialized files (Serialized files now loaded: 0)
System memory in use before: 199.2 MB.
System memory in use after: 199.3 MB.

Unloading 15 unused Assets to reduce memory usage. Loaded Objects now: 2439.
Total: 3.340385 ms (FindLiveObjects: 0.271462 ms CreateObjectMapping: 0.088313 ms MarkObjects: 2.878574 ms  DeleteObjects: 0.098682 ms)

========================================================================
Received Prepare
Registering precompiled user dll's ...
Registered in 0.016996 seconds.
Begin MonoManager ReloadAssembly
Symbol file LoadedFromMemory is not a mono symbol file
Native extension for OSXStandalone target not found
Refreshing native plugins compatible for Editor in 0.39 ms, found 1 plugins.
Preloading 0 native plugins for Editor in 0.00 ms.
Invoked RoslynAnalysisRunner static constructor.
RoslynAnalysisRunner will not be running.
RoslynAnalysisRunner has terminated.
Mono: successfully reloaded assembly
- Completed reload, in  1.467 seconds
Platform modules already initialized, skipping
Refreshing native plugins compatible for Editor in 0.41 ms, found 1 plugins.
Preloading 0 native plugins for Editor in 0.00 ms.
Unloading 1841 Unused Serialized files (Serialized files now loaded: 0)
System memory in use before: 199.5 MB.
System memory in use after: 199.6 MB.

Unloading 15 unused Assets to reduce memory usage. Loaded Objects now: 2441.
Total: 2.249099 ms (FindLiveObjects: 0.322484 ms CreateObjectMapping: 0.101176 ms MarkObjects: 1.768937 ms  DeleteObjects: 0.055018 ms)

========================================================================
Received Import Request.
  Time since last request: 54.018170 seconds.
  path: Assets/Scripts/LogSystem/LoggingInstaller.prefab
  artifactKey: Guid(0217ce97fdc3c4ddc908e6cf5c6a7fc8) Importer(815301076,1909f56bfc062723c751e8b465ee728b)
Start importing Assets/Scripts/LogSystem/LoggingInstaller.prefab using Guid(0217ce97fdc3c4ddc908e6cf5c6a7fc8) Importer(815301076,1909f56bfc062723c751e8b465ee728b)  -> (artifact id: 'a9abb1257fc6b8755fcb8c7ee75ba2d0') in 0.054968 seconds
  Import took 0.063912 seconds .

========================================================================
Received Import Request.
  Time since last request: 0.003048 seconds.
  path: Assets/Scripts/LogSystem/LoggingInstaller.prefab
  artifactKey: Guid(0217ce97fdc3c4ddc908e6cf5c6a7fc8) Importer(815301076,1909f56bfc062723c751e8b465ee728b)
Start importing Assets/Scripts/LogSystem/LoggingInstaller.prefab using Guid(0217ce97fdc3c4ddc908e6cf5c6a7fc8) Importer(815301076,1909f56bfc062723c751e8b465ee728b)  -> (artifact id: 'a9abb1257fc6b8755fcb8c7ee75ba2d0') in 0.006241 seconds
  Import took 0.011515 seconds .

========================================================================
Received Import Request.
  Time since last request: 7.891469 seconds.
  path: Assets/Prefabs/Zenject/Contexts/Resources/ProjectContext.prefab
  artifactKey: Guid(5a759e420e0394986ab91f9c946c11d3) Importer(815301076,1909f56bfc062723c751e8b465ee728b)
Start importing Assets/Prefabs/Zenject/Contexts/Resources/ProjectContext.prefab using Guid(5a759e420e0394986ab91f9c946c11d3) Importer(815301076,1909f56bfc062723c751e8b465ee728b)  -> (artifact id: '4e7dec0d779a2bcda0c6c851bb9f5af6') in 0.044022 seconds
  Import took 0.047976 seconds .

========================================================================
Received Import Request.
  Time since last request: 2.991047 seconds.
  path: Assets/Prefabs/Zenject/Contexts/Resources/ProjectContext.prefab
  artifactKey: Guid(5a759e420e0394986ab91f9c946c11d3) Importer(815301076,1909f56bfc062723c751e8b465ee728b)
Start importing Assets/Prefabs/Zenject/Contexts/Resources/ProjectContext.prefab using Guid(5a759e420e0394986ab91f9c946c11d3) Importer(815301076,1909f56bfc062723c751e8b465ee728b)  -> (artifact id: '0137db76053a9dee1753b51e0d41f881') in 0.010890 seconds
  Import took 0.018056 seconds .

========================================================================
Received Prepare
Registering precompiled user dll's ...
Registered in 0.004023 seconds.
Begin MonoManager ReloadAssembly
Symbol file LoadedFromMemory is not a mono symbol file
Native extension for OSXStandalone target not found
Refreshing native plugins compatible for Editor in 0.44 ms, found 1 plugins.
Preloading 0 native plugins for Editor in 0.00 ms.
Invoked RoslynAnalysisRunner static constructor.
RoslynAnalysisRunner will not be running.
RoslynAnalysisRunner has terminated.
Mono: successfully reloaded assembly
- Completed reload, in  1.802 seconds
Platform modules already initialized, skipping
Refreshing native plugins compatible for Editor in 0.41 ms, found 1 plugins.
Preloading 0 native plugins for Editor in 0.00 ms.
Unloading 1841 Unused Serialized files (Serialized files now loaded: 0)
System memory in use before: 199.8 MB.
System memory in use after: 199.9 MB.

Unloading 15 unused Assets to reduce memory usage. Loaded Objects now: 2443.
Total: 2.471152 ms (FindLiveObjects: 0.296123 ms CreateObjectMapping: 0.157339 ms MarkObjects: 1.959561 ms  DeleteObjects: 0.056797 ms)

========================================================================
Received Prepare
Registering precompiled user dll's ...
Registered in 0.010835 seconds.
Begin MonoManager ReloadAssembly
Symbol file LoadedFromMemory is not a mono symbol file
Native extension for OSXStandalone target not found
Refreshing native plugins compatible for Editor in 0.87 ms, found 1 plugins.
Preloading 0 native plugins for Editor in 0.00 ms.
Invoked RoslynAnalysisRunner static constructor.
RoslynAnalysisRunner will not be running.
RoslynAnalysisRunner has terminated.
Mono: successfully reloaded assembly
- Completed reload, in  1.928 seconds
Platform modules already initialized, skipping
Refreshing native plugins compatible for Editor in 0.93 ms, found 1 plugins.
Preloading 0 native plugins for Editor in 0.00 ms.
Unloading 1841 Unused Serialized files (Serialized files now loaded: 0)
System memory in use before: 200.2 MB.
System memory in use after: 200.3 MB.

Unloading 15 unused Assets to reduce memory usage. Loaded Objects now: 2445.
Total: 4.015052 ms (FindLiveObjects: 0.429626 ms CreateObjectMapping: 0.181451 ms MarkObjects: 3.318349 ms  DeleteObjects: 0.083752 ms)

========================================================================
Received Prepare
Registering precompiled user dll's ...
Registered in 0.002206 seconds.
Begin MonoManager ReloadAssembly
Symbol file LoadedFromMemory is not a mono symbol file
Native extension for OSXStandalone target not found
Refreshing native plugins compatible for Editor in 0.39 ms, found 1 plugins.
Preloading 0 native plugins for Editor in 0.00 ms.
Invoked RoslynAnalysisRunner static constructor.
RoslynAnalysisRunner will not be running.
RoslynAnalysisRunner has terminated.
Mono: successfully reloaded assembly
- Completed reload, in  1.422 seconds
Platform modules already initialized, skipping
Refreshing native plugins compatible for Editor in 0.41 ms, found 1 plugins.
Preloading 0 native plugins for Editor in 0.00 ms.
Unloading 1841 Unused Serialized files (Serialized files now loaded: 0)
System memory in use before: 200.5 MB.
System memory in use after: 200.6 MB.

Unloading 15 unused Assets to reduce memory usage. Loaded Objects now: 2447.
Total: 2.137707 ms (FindLiveObjects: 0.280212 ms CreateObjectMapping: 0.076734 ms MarkObjects: 1.709223 ms  DeleteObjects: 0.070182 ms)

